Hosting environment: Development
Content root path: C:\Users\Omar\source\repos\ReviewsDashboard\ReviewsDashboard
Now listening on: http://localhost:22333/
Application started. Press Ctrl+C to shut down.
warn: Microsoft.AspNetCore.HttpsPolicy.HttpsRedirectionMiddleware[3]
      Failed to determine the https port for redirect.
warn: Microsoft.EntityFrameworkCore.Query[10103]
      The query uses the 'First'/'FirstOrDefault' operator without 'OrderBy' and filter operators. This may lead to unpredictable results.
info: Microsoft.EntityFrameworkCore.Database.Command[20101]
      Executed DbCommand (297ms) [Parameters=[], CommandType='Text', CommandTimeout='30']
      SELECT TOP(1) [a].[Id], [a].[AccessFailedCount], [a].[ConcurrencyStamp], [a].[Email], [a].[EmailConfirmed], [a].[FullName], [a].[LockoutEnabled], [a].[LockoutEnd], [a].[NormalizedEmail], [a].[NormalizedUserName], [a].[PasswordHash], [a].[PhoneNumber], [a].[PhoneNumberConfirmed], [a].[SecurityStamp], [a].[TwoFactorEnabled], [a].[UserName]
      FROM [AspNetUsers] AS [a]
info: Microsoft.EntityFrameworkCore.Database.Command[20101]
      Executed DbCommand (308ms) [Parameters=[@__p_0='?' (DbType = Int32)], CommandType='Text', CommandTimeout='30']
      SELECT TOP(1) [p].[Id], [p].[Property], [p].[Value]
      FROM [properties] AS [p]
      WHERE [p].[Id] = @__p_0
info: Microsoft.EntityFrameworkCore.Database.Command[20101]
      Executed DbCommand (246ms) [Parameters=[@__p_0='?' (DbType = Int32)], CommandType='Text', CommandTimeout='30']
      SELECT TOP(1) [p].[Id], [p].[Property], [p].[Value]
      FROM [properties] AS [p]
      WHERE [p].[Id] = @__p_0
info: Microsoft.EntityFrameworkCore.Database.Command[20101]
      Executed DbCommand (246ms) [Parameters=[], CommandType='Text', CommandTimeout='30']
      SELECT [e].[Email]
      FROM [email] AS [e]
info: Microsoft.EntityFrameworkCore.Database.Command[20101]
      Executed DbCommand (469ms) [Parameters=[], CommandType='Text', CommandTimeout='30']
      SELECT [r].[Id], [r].[AddingDateTime], [r].[ImageUrl], [r].[LocationUrl], [r].[PlaceName], [r].[Rating], [r].[ReviewAuthor], [r].[ReviewDateTime], [r].[ReviewGoogleId], [r].[ReviewText], [r].[StartTracking], [r].[Status]
      FROM [review] AS [r]
      WHERE [r].[Status] IN (N'Canceled', N'Completed', N'Removed')
info: Microsoft.EntityFrameworkCore.Database.Command[20101]
      Executed DbCommand (560ms) [Parameters=[], CommandType='Text', CommandTimeout='30']
      SELECT [e].[Email]
      FROM [email] AS [e]
info: Microsoft.EntityFrameworkCore.Database.Command[20101]
      Executed DbCommand (713ms) [Parameters=[], CommandType='Text', CommandTimeout='30']
      SELECT TOP(1) [a].[Id], [a].[AccessFailedCount], [a].[ConcurrencyStamp], [a].[Email], [a].[EmailConfirmed], [a].[FullName], [a].[LockoutEnabled], [a].[LockoutEnd], [a].[NormalizedEmail], [a].[NormalizedUserName], [a].[PasswordHash], [a].[PhoneNumber], [a].[PhoneNumberConfirmed], [a].[SecurityStamp], [a].[TwoFactorEnabled], [a].[UserName]
      FROM [AspNetUsers] AS [a]
info: Microsoft.EntityFrameworkCore.Database.Command[20101]
      Executed DbCommand (611ms) [Parameters=[], CommandType='Text', CommandTimeout='30']
      SELECT [r].[Id], [r].[AddingDateTime], [r].[ImageUrl], [r].[LocationUrl], [r].[PlaceName], [r].[Rating], [r].[ReviewAuthor], [r].[ReviewDateTime], [r].[ReviewGoogleId], [r].[ReviewText], [r].[StartTracking], [r].[Status]
      FROM [review] AS [r]
      WHERE [r].[Status] IN (N'Canceled', N'Completed', N'Removed')
info: Microsoft.EntityFrameworkCore.Database.Command[20101]
      Executed DbCommand (521ms) [Parameters=[], CommandType='Text', CommandTimeout='30']
      SELECT [r].[Id], [r].[AddingDateTime], [r].[ImageUrl], [r].[LocationUrl], [r].[PlaceName], [r].[Rating], [r].[ReviewAuthor], [r].[ReviewDateTime], [r].[ReviewGoogleId], [r].[ReviewText], [r].[StartTracking], [r].[Status]
      FROM [review] AS [r]
      WHERE [r].[Status] = N'In Progress'
info: Microsoft.EntityFrameworkCore.Database.Command[20101]
      Executed DbCommand (288ms) [Parameters=[], CommandType='Text', CommandTimeout='30']
      SELECT [r].[Id], [r].[AddingDateTime], [r].[ImageUrl], [r].[LocationUrl], [r].[PlaceName], [r].[Rating], [r].[ReviewAuthor], [r].[ReviewDateTime], [r].[ReviewGoogleId], [r].[ReviewText], [r].[StartTracking], [r].[Status]
      FROM [review] AS [r]
      WHERE [r].[Status] = N'In Progress'
info: Microsoft.EntityFrameworkCore.Database.Command[20101]
      Executed DbCommand (1,185ms) [Parameters=[], CommandType='Text', CommandTimeout='30']
      SELECT [r].[Id], [r].[AddingDateTime], [r].[ImageUrl], [r].[LocationUrl], [r].[PlaceName], [r].[Rating], [r].[ReviewAuthor], [r].[ReviewDateTime], [r].[ReviewGoogleId], [r].[ReviewText], [r].[StartTracking], [r].[Status]
      FROM [review] AS [r]
      WHERE [r].[Status] = N'In Progress'
info: Microsoft.EntityFrameworkCore.Database.Command[20101]
      Executed DbCommand (1,183ms) [Parameters=[], CommandType='Text', CommandTimeout='30']
      SELECT [r].[Id], [r].[AddingDateTime], [r].[ImageUrl], [r].[LocationUrl], [r].[PlaceName], [r].[Rating], [r].[ReviewAuthor], [r].[ReviewDateTime], [r].[ReviewGoogleId], [r].[ReviewText], [r].[StartTracking], [r].[Status]
      FROM [review] AS [r]
      WHERE [r].[Status] IN (N'Canceled', N'Completed', N'Removed')
info: Microsoft.EntityFrameworkCore.Database.Command[20101]
      Executed DbCommand (1,185ms) [Parameters=[@__p_0='?' (DbType = Int32)], CommandType='Text', CommandTimeout='30']
      SELECT TOP(1) [p].[Id], [p].[Property], [p].[Value]
      FROM [properties] AS [p]
      WHERE [p].[Id] = @__p_0
info: Microsoft.EntityFrameworkCore.Database.Command[20101]
      Executed DbCommand (2,783ms) [Parameters=[], CommandType='Text', CommandTimeout='30']
      SELECT [e].[Email]
      FROM [email] AS [e]
info: Microsoft.EntityFrameworkCore.Database.Command[20101]
      Executed DbCommand (754ms) [Parameters=[], CommandType='Text', CommandTimeout='30']
      SELECT TOP(1) [a].[Id], [a].[AccessFailedCount], [a].[ConcurrencyStamp], [a].[Email], [a].[EmailConfirmed], [a].[FullName], [a].[LockoutEnabled], [a].[LockoutEnd], [a].[NormalizedEmail], [a].[NormalizedUserName], [a].[PasswordHash], [a].[PhoneNumber], [a].[PhoneNumberConfirmed], [a].[SecurityStamp], [a].[TwoFactorEnabled], [a].[UserName]
      FROM [AspNetUsers] AS [a]
info: Microsoft.EntityFrameworkCore.Database.Command[20101]
      Executed DbCommand (224ms) [Parameters=[], CommandType='Text', CommandTimeout='30']
      SELECT [r].[Id], [r].[AddingDateTime], [r].[ImageUrl], [r].[LocationUrl], [r].[PlaceName], [r].[Rating], [r].[ReviewAuthor], [r].[ReviewDateTime], [r].[ReviewGoogleId], [r].[ReviewText], [r].[StartTracking], [r].[Status]
      FROM [review] AS [r]
      WHERE [r].[Status] IN (N'Canceled', N'Completed', N'Removed')
info: Microsoft.EntityFrameworkCore.Database.Command[20101]
      Executed DbCommand (249ms) [Parameters=[], CommandType='Text', CommandTimeout='30']
      SELECT [r].[Id], [r].[AddingDateTime], [r].[ImageUrl], [r].[LocationUrl], [r].[PlaceName], [r].[Rating], [r].[ReviewAuthor], [r].[ReviewDateTime], [r].[ReviewGoogleId], [r].[ReviewText], [r].[StartTracking], [r].[Status]
      FROM [review] AS [r]
      WHERE [r].[Status] = N'In Progress'
info: Microsoft.EntityFrameworkCore.Database.Command[20101]
      Executed DbCommand (224ms) [Parameters=[@__p_0='?' (DbType = Int32)], CommandType='Text', CommandTimeout='30']
      SELECT TOP(1) [p].[Id], [p].[Property], [p].[Value]
      FROM [properties] AS [p]
      WHERE [p].[Id] = @__p_0
info: Microsoft.EntityFrameworkCore.Database.Command[20101]
      Executed DbCommand (242ms) [Parameters=[], CommandType='Text', CommandTimeout='30']
      SELECT TOP(1) [a].[Id], [a].[AccessFailedCount], [a].[ConcurrencyStamp], [a].[Email], [a].[EmailConfirmed], [a].[FullName], [a].[LockoutEnabled], [a].[LockoutEnd], [a].[NormalizedEmail], [a].[NormalizedUserName], [a].[PasswordHash], [a].[PhoneNumber], [a].[PhoneNumberConfirmed], [a].[SecurityStamp], [a].[TwoFactorEnabled], [a].[UserName]
      FROM [AspNetUsers] AS [a]
info: Microsoft.EntityFrameworkCore.Database.Command[20101]
      Executed DbCommand (369ms) [Parameters=[], CommandType='Text', CommandTimeout='30']
      SELECT [e].[Email]
      FROM [email] AS [e]
info: Microsoft.EntityFrameworkCore.Database.Command[20101]
      Executed DbCommand (226ms) [Parameters=[], CommandType='Text', CommandTimeout='30']
      SELECT [r].[Id], [r].[AddingDateTime], [r].[ImageUrl], [r].[LocationUrl], [r].[PlaceName], [r].[Rating], [r].[ReviewAuthor], [r].[ReviewDateTime], [r].[ReviewGoogleId], [r].[ReviewText], [r].[StartTracking], [r].[Status]
      FROM [review] AS [r]
      WHERE [r].[Status] = N'In Progress'
info: Microsoft.EntityFrameworkCore.Database.Command[20101]
      Executed DbCommand (218ms) [Parameters=[@__p_0='?' (DbType = Int32)], CommandType='Text', CommandTimeout='30']
      SELECT TOP(1) [p].[Id], [p].[Property], [p].[Value]
      FROM [properties] AS [p]
      WHERE [p].[Id] = @__p_0
info: Microsoft.EntityFrameworkCore.Database.Command[20101]
      Executed DbCommand (227ms) [Parameters=[], CommandType='Text', CommandTimeout='30']
      SELECT [r].[Id], [r].[AddingDateTime], [r].[ImageUrl], [r].[LocationUrl], [r].[PlaceName], [r].[Rating], [r].[ReviewAuthor], [r].[ReviewDateTime], [r].[ReviewGoogleId], [r].[ReviewText], [r].[StartTracking], [r].[Status]
      FROM [review] AS [r]
      WHERE [r].[Status] IN (N'Canceled', N'Completed', N'Removed')
info: Microsoft.EntityFrameworkCore.Database.Command[20101]
      Executed DbCommand (221ms) [Parameters=[], CommandType='Text', CommandTimeout='30']
      SELECT TOP(1) [a].[Id], [a].[AccessFailedCount], [a].[ConcurrencyStamp], [a].[Email], [a].[EmailConfirmed], [a].[FullName], [a].[LockoutEnabled], [a].[LockoutEnd], [a].[NormalizedEmail], [a].[NormalizedUserName], [a].[PasswordHash], [a].[PhoneNumber], [a].[PhoneNumberConfirmed], [a].[SecurityStamp], [a].[TwoFactorEnabled], [a].[UserName]
      FROM [AspNetUsers] AS [a]
info: Microsoft.EntityFrameworkCore.Database.Command[20101]
      Executed DbCommand (1,304ms) [Parameters=[], CommandType='Text', CommandTimeout='30']
      SELECT [e].[Email]
      FROM [email] AS [e]
info: Microsoft.EntityFrameworkCore.Database.Command[20101]
      Executed DbCommand (216ms) [Parameters=[], CommandType='Text', CommandTimeout='30']
      SELECT [r].[Id], [r].[AddingDateTime], [r].[ImageUrl], [r].[LocationUrl], [r].[PlaceName], [r].[Rating], [r].[ReviewAuthor], [r].[ReviewDateTime], [r].[ReviewGoogleId], [r].[ReviewText], [r].[StartTracking], [r].[Status]
      FROM [review] AS [r]
      WHERE [r].[Status] = N'In Progress'
info: Microsoft.EntityFrameworkCore.Database.Command[20101]
      Executed DbCommand (236ms) [Parameters=[], CommandType='Text', CommandTimeout='30']
      SELECT [r].[Id], [r].[AddingDateTime], [r].[ImageUrl], [r].[LocationUrl], [r].[PlaceName], [r].[Rating], [r].[ReviewAuthor], [r].[ReviewDateTime], [r].[ReviewGoogleId], [r].[ReviewText], [r].[StartTracking], [r].[Status]
      FROM [review] AS [r]
      WHERE [r].[Status] IN (N'Canceled', N'Completed', N'Removed')
info: Microsoft.EntityFrameworkCore.Database.Command[20101]
      Executed DbCommand (234ms) [Parameters=[], CommandType='Text', CommandTimeout='30']
      SELECT TOP(1) [a].[Id], [a].[AccessFailedCount], [a].[ConcurrencyStamp], [a].[Email], [a].[EmailConfirmed], [a].[FullName], [a].[LockoutEnabled], [a].[LockoutEnd], [a].[NormalizedEmail], [a].[NormalizedUserName], [a].[PasswordHash], [a].[PhoneNumber], [a].[PhoneNumberConfirmed], [a].[SecurityStamp], [a].[TwoFactorEnabled], [a].[UserName]
      FROM [AspNetUsers] AS [a]
info: Microsoft.EntityFrameworkCore.Database.Command[20101]
      Executed DbCommand (223ms) [Parameters=[@__p_0='?' (DbType = Int32)], CommandType='Text', CommandTimeout='30']
      SELECT TOP(1) [p].[Id], [p].[Property], [p].[Value]
      FROM [properties] AS [p]
      WHERE [p].[Id] = @__p_0
info: Microsoft.EntityFrameworkCore.Database.Command[20101]
      Executed DbCommand (210ms) [Parameters=[], CommandType='Text', CommandTimeout='30']
      SELECT [e].[Email]
      FROM [email] AS [e]
info: Microsoft.EntityFrameworkCore.Database.Command[20101]
      Executed DbCommand (313ms) [Parameters=[], CommandType='Text', CommandTimeout='30']
      SELECT [r].[Id], [r].[AddingDateTime], [r].[ImageUrl], [r].[LocationUrl], [r].[PlaceName], [r].[Rating], [r].[ReviewAuthor], [r].[ReviewDateTime], [r].[ReviewGoogleId], [r].[ReviewText], [r].[StartTracking], [r].[Status]
      FROM [review] AS [r]
      WHERE [r].[Status] = N'In Progress'
info: Microsoft.EntityFrameworkCore.Database.Command[20101]
      Executed DbCommand (342ms) [Parameters=[], CommandType='Text', CommandTimeout='30']
      SELECT TOP(1) [a].[Id], [a].[AccessFailedCount], [a].[ConcurrencyStamp], [a].[Email], [a].[EmailConfirmed], [a].[FullName], [a].[LockoutEnabled], [a].[LockoutEnd], [a].[NormalizedEmail], [a].[NormalizedUserName], [a].[PasswordHash], [a].[PhoneNumber], [a].[PhoneNumberConfirmed], [a].[SecurityStamp], [a].[TwoFactorEnabled], [a].[UserName]
      FROM [AspNetUsers] AS [a]
info: Microsoft.EntityFrameworkCore.Database.Command[20101]
      Executed DbCommand (392ms) [Parameters=[], CommandType='Text', CommandTimeout='30']
      SELECT [r].[Id], [r].[AddingDateTime], [r].[ImageUrl], [r].[LocationUrl], [r].[PlaceName], [r].[Rating], [r].[ReviewAuthor], [r].[ReviewDateTime], [r].[ReviewGoogleId], [r].[ReviewText], [r].[StartTracking], [r].[Status]
      FROM [review] AS [r]
      WHERE [r].[Status] IN (N'Canceled', N'Completed', N'Removed')
info: Microsoft.EntityFrameworkCore.Database.Command[20101]
      Executed DbCommand (345ms) [Parameters=[@__p_0='?' (DbType = Int32)], CommandType='Text', CommandTimeout='30']
      SELECT TOP(1) [p].[Id], [p].[Property], [p].[Value]
      FROM [properties] AS [p]
      WHERE [p].[Id] = @__p_0
info: Microsoft.EntityFrameworkCore.Database.Command[20101]
      Executed DbCommand (220ms) [Parameters=[], CommandType='Text', CommandTimeout='30']
      SELECT [e].[Email]
      FROM [email] AS [e]
info: Microsoft.EntityFrameworkCore.Database.Command[20101]
      Executed DbCommand (355ms) [Parameters=[], CommandType='Text', CommandTimeout='30']
      SELECT [r].[Id], [r].[AddingDateTime], [r].[ImageUrl], [r].[LocationUrl], [r].[PlaceName], [r].[Rating], [r].[ReviewAuthor], [r].[ReviewDateTime], [r].[ReviewGoogleId], [r].[ReviewText], [r].[StartTracking], [r].[Status]
      FROM [review] AS [r]
      WHERE [r].[Status] IN (N'Canceled', N'Completed', N'Removed')
info: Microsoft.EntityFrameworkCore.Database.Command[20101]
      Executed DbCommand (360ms) [Parameters=[], CommandType='Text', CommandTimeout='30']
      SELECT [r].[Id], [r].[AddingDateTime], [r].[ImageUrl], [r].[LocationUrl], [r].[PlaceName], [r].[Rating], [r].[ReviewAuthor], [r].[ReviewDateTime], [r].[ReviewGoogleId], [r].[ReviewText], [r].[StartTracking], [r].[Status]
      FROM [review] AS [r]
      WHERE [r].[Status] = N'In Progress'
info: Microsoft.EntityFrameworkCore.Database.Command[20101]
      Executed DbCommand (400ms) [Parameters=[], CommandType='Text', CommandTimeout='30']
      SELECT TOP(1) [a].[Id], [a].[AccessFailedCount], [a].[ConcurrencyStamp], [a].[Email], [a].[EmailConfirmed], [a].[FullName], [a].[LockoutEnabled], [a].[LockoutEnd], [a].[NormalizedEmail], [a].[NormalizedUserName], [a].[PasswordHash], [a].[PhoneNumber], [a].[PhoneNumberConfirmed], [a].[SecurityStamp], [a].[TwoFactorEnabled], [a].[UserName]
      FROM [AspNetUsers] AS [a]
info: Microsoft.EntityFrameworkCore.Database.Command[20101]
      Executed DbCommand (403ms) [Parameters=[@__p_0='?' (DbType = Int32)], CommandType='Text', CommandTimeout='30']
      SELECT TOP(1) [p].[Id], [p].[Property], [p].[Value]
      FROM [properties] AS [p]
      WHERE [p].[Id] = @__p_0
info: Microsoft.EntityFrameworkCore.Database.Command[20101]
      Executed DbCommand (333ms) [Parameters=[], CommandType='Text', CommandTimeout='30']
      SELECT [e].[Email]
      FROM [email] AS [e]
info: Microsoft.EntityFrameworkCore.Database.Command[20101]
      Executed DbCommand (432ms) [Parameters=[], CommandType='Text', CommandTimeout='30']
      SELECT [r].[Id], [r].[AddingDateTime], [r].[ImageUrl], [r].[LocationUrl], [r].[PlaceName], [r].[Rating], [r].[ReviewAuthor], [r].[ReviewDateTime], [r].[ReviewGoogleId], [r].[ReviewText], [r].[StartTracking], [r].[Status]
      FROM [review] AS [r]
      WHERE [r].[Status] = N'In Progress'
info: Microsoft.EntityFrameworkCore.Database.Command[20101]
      Executed DbCommand (432ms) [Parameters=[], CommandType='Text', CommandTimeout='30']
      SELECT [r].[Id], [r].[AddingDateTime], [r].[ImageUrl], [r].[LocationUrl], [r].[PlaceName], [r].[Rating], [r].[ReviewAuthor], [r].[ReviewDateTime], [r].[ReviewGoogleId], [r].[ReviewText], [r].[StartTracking], [r].[Status]
      FROM [review] AS [r]
      WHERE [r].[Status] IN (N'Canceled', N'Completed', N'Removed')
info: Microsoft.EntityFrameworkCore.Database.Command[20101]
      Executed DbCommand (430ms) [Parameters=[], CommandType='Text', CommandTimeout='30']
      SELECT TOP(1) [a].[Id], [a].[AccessFailedCount], [a].[ConcurrencyStamp], [a].[Email], [a].[EmailConfirmed], [a].[FullName], [a].[LockoutEnabled], [a].[LockoutEnd], [a].[NormalizedEmail], [a].[NormalizedUserName], [a].[PasswordHash], [a].[PhoneNumber], [a].[PhoneNumberConfirmed], [a].[SecurityStamp], [a].[TwoFactorEnabled], [a].[UserName]
      FROM [AspNetUsers] AS [a]
info: Microsoft.EntityFrameworkCore.Database.Command[20101]
      Executed DbCommand (438ms) [Parameters=[@__p_0='?' (DbType = Int32)], CommandType='Text', CommandTimeout='30']
      SELECT TOP(1) [p].[Id], [p].[Property], [p].[Value]
      FROM [properties] AS [p]
      WHERE [p].[Id] = @__p_0
info: Microsoft.EntityFrameworkCore.Database.Command[20101]
      Executed DbCommand (265ms) [Parameters=[], CommandType='Text', CommandTimeout='30']
      SELECT [e].[Email]
      FROM [email] AS [e]
info: Microsoft.EntityFrameworkCore.Database.Command[20101]
      Executed DbCommand (256ms) [Parameters=[], CommandType='Text', CommandTimeout='30']
      SELECT [r].[Id], [r].[AddingDateTime], [r].[ImageUrl], [r].[LocationUrl], [r].[PlaceName], [r].[Rating], [r].[ReviewAuthor], [r].[ReviewDateTime], [r].[ReviewGoogleId], [r].[ReviewText], [r].[StartTracking], [r].[Status]
      FROM [review] AS [r]
      WHERE [r].[Status] = N'In Progress'
info: Microsoft.EntityFrameworkCore.Database.Command[20101]
      Executed DbCommand (562ms) [Parameters=[], CommandType='Text', CommandTimeout='30']
      SELECT [r].[Id], [r].[AddingDateTime], [r].[ImageUrl], [r].[LocationUrl], [r].[PlaceName], [r].[Rating], [r].[ReviewAuthor], [r].[ReviewDateTime], [r].[ReviewGoogleId], [r].[ReviewText], [r].[StartTracking], [r].[Status]
      FROM [review] AS [r]
      WHERE [r].[Status] IN (N'Canceled', N'Completed', N'Removed')
info: Microsoft.EntityFrameworkCore.Database.Command[20101]
      Executed DbCommand (516ms) [Parameters=[@__p_0='?' (DbType = Int32)], CommandType='Text', CommandTimeout='30']
      SELECT TOP(1) [p].[Id], [p].[Property], [p].[Value]
      FROM [properties] AS [p]
      WHERE [p].[Id] = @__p_0
info: Microsoft.EntityFrameworkCore.Database.Command[20101]
      Executed DbCommand (528ms) [Parameters=[], CommandType='Text', CommandTimeout='30']
      SELECT TOP(1) [a].[Id], [a].[AccessFailedCount], [a].[ConcurrencyStamp], [a].[Email], [a].[EmailConfirmed], [a].[FullName], [a].[LockoutEnabled], [a].[LockoutEnd], [a].[NormalizedEmail], [a].[NormalizedUserName], [a].[PasswordHash], [a].[PhoneNumber], [a].[PhoneNumberConfirmed], [a].[SecurityStamp], [a].[TwoFactorEnabled], [a].[UserName]
      FROM [AspNetUsers] AS [a]
info: Microsoft.EntityFrameworkCore.Database.Command[20101]
      Executed DbCommand (825ms) [Parameters=[], CommandType='Text', CommandTimeout='30']
      SELECT [e].[Email]
      FROM [email] AS [e]
info: Microsoft.EntityFrameworkCore.Database.Command[20101]
      Executed DbCommand (230ms) [Parameters=[], CommandType='Text', CommandTimeout='30']
      SELECT [r].[Id], [r].[AddingDateTime], [r].[ImageUrl], [r].[LocationUrl], [r].[PlaceName], [r].[Rating], [r].[ReviewAuthor], [r].[ReviewDateTime], [r].[ReviewGoogleId], [r].[ReviewText], [r].[StartTracking], [r].[Status]
      FROM [review] AS [r]
      WHERE [r].[Status] = N'In Progress'
info: Microsoft.EntityFrameworkCore.Database.Command[20101]
      Executed DbCommand (219ms) [Parameters=[], CommandType='Text', CommandTimeout='30']
      SELECT TOP(1) [a].[Id], [a].[AccessFailedCount], [a].[ConcurrencyStamp], [a].[Email], [a].[EmailConfirmed], [a].[FullName], [a].[LockoutEnabled], [a].[LockoutEnd], [a].[NormalizedEmail], [a].[NormalizedUserName], [a].[PasswordHash], [a].[PhoneNumber], [a].[PhoneNumberConfirmed], [a].[SecurityStamp], [a].[TwoFactorEnabled], [a].[UserName]
      FROM [AspNetUsers] AS [a]
info: Microsoft.EntityFrameworkCore.Database.Command[20101]
      Executed DbCommand (210ms) [Parameters=[@__p_0='?' (DbType = Int32)], CommandType='Text', CommandTimeout='30']
      SELECT TOP(1) [p].[Id], [p].[Property], [p].[Value]
      FROM [properties] AS [p]
      WHERE [p].[Id] = @__p_0
info: Microsoft.EntityFrameworkCore.Database.Command[20101]
      Executed DbCommand (225ms) [Parameters=[], CommandType='Text', CommandTimeout='30']
      SELECT [r].[Id], [r].[AddingDateTime], [r].[ImageUrl], [r].[LocationUrl], [r].[PlaceName], [r].[Rating], [r].[ReviewAuthor], [r].[ReviewDateTime], [r].[ReviewGoogleId], [r].[ReviewText], [r].[StartTracking], [r].[Status]
      FROM [review] AS [r]
      WHERE [r].[Status] IN (N'Canceled', N'Completed', N'Removed')
info: Microsoft.EntityFrameworkCore.Database.Command[20101]
      Executed DbCommand (756ms) [Parameters=[], CommandType='Text', CommandTimeout='30']
      SELECT [e].[Email]
      FROM [email] AS [e]
info: Microsoft.EntityFrameworkCore.Database.Command[20101]
      Executed DbCommand (228ms) [Parameters=[], CommandType='Text', CommandTimeout='30']
      SELECT [r].[Id], [r].[AddingDateTime], [r].[ImageUrl], [r].[LocationUrl], [r].[PlaceName], [r].[Rating], [r].[ReviewAuthor], [r].[ReviewDateTime], [r].[ReviewGoogleId], [r].[ReviewText], [r].[StartTracking], [r].[Status]
      FROM [review] AS [r]
      WHERE [r].[Status] IN (N'Canceled', N'Completed', N'Removed')
info: Microsoft.EntityFrameworkCore.Database.Command[20101]
      Executed DbCommand (218ms) [Parameters=[@__p_0='?' (DbType = Int32)], CommandType='Text', CommandTimeout='30']
      SELECT TOP(1) [p].[Id], [p].[Property], [p].[Value]
      FROM [properties] AS [p]
      WHERE [p].[Id] = @__p_0
info: Microsoft.EntityFrameworkCore.Database.Command[20101]
      Executed DbCommand (231ms) [Parameters=[], CommandType='Text', CommandTimeout='30']
      SELECT [r].[Id], [r].[AddingDateTime], [r].[ImageUrl], [r].[LocationUrl], [r].[PlaceName], [r].[Rating], [r].[ReviewAuthor], [r].[ReviewDateTime], [r].[ReviewGoogleId], [r].[ReviewText], [r].[StartTracking], [r].[Status]
      FROM [review] AS [r]
      WHERE [r].[Status] = N'In Progress'
info: Microsoft.EntityFrameworkCore.Database.Command[20101]
      Executed DbCommand (216ms) [Parameters=[], CommandType='Text', CommandTimeout='30']
      SELECT TOP(1) [a].[Id], [a].[AccessFailedCount], [a].[ConcurrencyStamp], [a].[Email], [a].[EmailConfirmed], [a].[FullName], [a].[LockoutEnabled], [a].[LockoutEnd], [a].[NormalizedEmail], [a].[NormalizedUserName], [a].[PasswordHash], [a].[PhoneNumber], [a].[PhoneNumberConfirmed], [a].[SecurityStamp], [a].[TwoFactorEnabled], [a].[UserName]
      FROM [AspNetUsers] AS [a]
info: Microsoft.EntityFrameworkCore.Database.Command[20101]
      Executed DbCommand (241ms) [Parameters=[], CommandType='Text', CommandTimeout='30']
      SELECT [e].[Email]
      FROM [email] AS [e]
info: Microsoft.EntityFrameworkCore.Database.Command[20101]
      Executed DbCommand (275ms) [Parameters=[], CommandType='Text', CommandTimeout='30']
      SELECT [r].[Id], [r].[AddingDateTime], [r].[ImageUrl], [r].[LocationUrl], [r].[PlaceName], [r].[Rating], [r].[ReviewAuthor], [r].[ReviewDateTime], [r].[ReviewGoogleId], [r].[ReviewText], [r].[StartTracking], [r].[Status]
      FROM [review] AS [r]
      WHERE [r].[Status] IN (N'Canceled', N'Completed', N'Removed')
info: Microsoft.EntityFrameworkCore.Database.Command[20101]
      Executed DbCommand (277ms) [Parameters=[], CommandType='Text', CommandTimeout='30']
      SELECT [r].[Id], [r].[AddingDateTime], [r].[ImageUrl], [r].[LocationUrl], [r].[PlaceName], [r].[Rating], [r].[ReviewAuthor], [r].[ReviewDateTime], [r].[ReviewGoogleId], [r].[ReviewText], [r].[StartTracking], [r].[Status]
      FROM [review] AS [r]
      WHERE [r].[Status] = N'In Progress'
info: Microsoft.EntityFrameworkCore.Database.Command[20101]
      Executed DbCommand (287ms) [Parameters=[@__p_0='?' (DbType = Int32)], CommandType='Text', CommandTimeout='30']
      SELECT TOP(1) [p].[Id], [p].[Property], [p].[Value]
      FROM [properties] AS [p]
      WHERE [p].[Id] = @__p_0
info: Microsoft.EntityFrameworkCore.Database.Command[20101]
      Executed DbCommand (293ms) [Parameters=[], CommandType='Text', CommandTimeout='30']
      SELECT TOP(1) [a].[Id], [a].[AccessFailedCount], [a].[ConcurrencyStamp], [a].[Email], [a].[EmailConfirmed], [a].[FullName], [a].[LockoutEnabled], [a].[LockoutEnd], [a].[NormalizedEmail], [a].[NormalizedUserName], [a].[PasswordHash], [a].[PhoneNumber], [a].[PhoneNumberConfirmed], [a].[SecurityStamp], [a].[TwoFactorEnabled], [a].[UserName]
      FROM [AspNetUsers] AS [a]
info: Microsoft.EntityFrameworkCore.Database.Command[20101]
      Executed DbCommand (198ms) [Parameters=[], CommandType='Text', CommandTimeout='30']
      SELECT [e].[Email]
      FROM [email] AS [e]
info: Microsoft.EntityFrameworkCore.Database.Command[20101]
      Executed DbCommand (209ms) [Parameters=[], CommandType='Text', CommandTimeout='30']
      SELECT TOP(1) [a].[Id], [a].[AccessFailedCount], [a].[ConcurrencyStamp], [a].[Email], [a].[EmailConfirmed], [a].[FullName], [a].[LockoutEnabled], [a].[LockoutEnd], [a].[NormalizedEmail], [a].[NormalizedUserName], [a].[PasswordHash], [a].[PhoneNumber], [a].[PhoneNumberConfirmed], [a].[SecurityStamp], [a].[TwoFactorEnabled], [a].[UserName]
      FROM [AspNetUsers] AS [a]
info: Microsoft.EntityFrameworkCore.Database.Command[20101]
      Executed DbCommand (278ms) [Parameters=[], CommandType='Text', CommandTimeout='30']
      SELECT [r].[Id], [r].[AddingDateTime], [r].[ImageUrl], [r].[LocationUrl], [r].[PlaceName], [r].[Rating], [r].[ReviewAuthor], [r].[ReviewDateTime], [r].[ReviewGoogleId], [r].[ReviewText], [r].[StartTracking], [r].[Status]
      FROM [review] AS [r]
      WHERE [r].[Status] IN (N'Canceled', N'Completed', N'Removed')
info: Microsoft.EntityFrameworkCore.Database.Command[20101]
      Executed DbCommand (279ms) [Parameters=[], CommandType='Text', CommandTimeout='30']
      SELECT [r].[Id], [r].[AddingDateTime], [r].[ImageUrl], [r].[LocationUrl], [r].[PlaceName], [r].[Rating], [r].[ReviewAuthor], [r].[ReviewDateTime], [r].[ReviewGoogleId], [r].[ReviewText], [r].[StartTracking], [r].[Status]
      FROM [review] AS [r]
      WHERE [r].[Status] = N'In Progress'
info: Microsoft.EntityFrameworkCore.Database.Command[20101]
      Executed DbCommand (278ms) [Parameters=[@__p_0='?' (DbType = Int32)], CommandType='Text', CommandTimeout='30']
      SELECT TOP(1) [p].[Id], [p].[Property], [p].[Value]
      FROM [properties] AS [p]
      WHERE [p].[Id] = @__p_0
info: Microsoft.EntityFrameworkCore.Database.Command[20101]
      Executed DbCommand (219ms) [Parameters=[], CommandType='Text', CommandTimeout='30']
      SELECT [e].[Email]
      FROM [email] AS [e]
info: Microsoft.EntityFrameworkCore.Database.Command[20101]
      Executed DbCommand (340ms) [Parameters=[], CommandType='Text', CommandTimeout='30']
      SELECT [r].[Id], [r].[AddingDateTime], [r].[ImageUrl], [r].[LocationUrl], [r].[PlaceName], [r].[Rating], [r].[ReviewAuthor], [r].[ReviewDateTime], [r].[ReviewGoogleId], [r].[ReviewText], [r].[StartTracking], [r].[Status]
      FROM [review] AS [r]
      WHERE [r].[Status] = N'In Progress'
info: Microsoft.EntityFrameworkCore.Database.Command[20101]
      Executed DbCommand (341ms) [Parameters=[], CommandType='Text', CommandTimeout='30']
      SELECT [r].[Id], [r].[AddingDateTime], [r].[ImageUrl], [r].[LocationUrl], [r].[PlaceName], [r].[Rating], [r].[ReviewAuthor], [r].[ReviewDateTime], [r].[ReviewGoogleId], [r].[ReviewText], [r].[StartTracking], [r].[Status]
      FROM [review] AS [r]
      WHERE [r].[Status] IN (N'Canceled', N'Completed', N'Removed')
info: Microsoft.EntityFrameworkCore.Database.Command[20101]
      Executed DbCommand (341ms) [Parameters=[], CommandType='Text', CommandTimeout='30']
      SELECT TOP(1) [a].[Id], [a].[AccessFailedCount], [a].[ConcurrencyStamp], [a].[Email], [a].[EmailConfirmed], [a].[FullName], [a].[LockoutEnabled], [a].[LockoutEnd], [a].[NormalizedEmail], [a].[NormalizedUserName], [a].[PasswordHash], [a].[PhoneNumber], [a].[PhoneNumberConfirmed], [a].[SecurityStamp], [a].[TwoFactorEnabled], [a].[UserName]
      FROM [AspNetUsers] AS [a]
info: Microsoft.EntityFrameworkCore.Database.Command[20101]
      Executed DbCommand (340ms) [Parameters=[@__p_0='?' (DbType = Int32)], CommandType='Text', CommandTimeout='30']
      SELECT TOP(1) [p].[Id], [p].[Property], [p].[Value]
      FROM [properties] AS [p]
      WHERE [p].[Id] = @__p_0
info: Microsoft.EntityFrameworkCore.Database.Command[20101]
      Executed DbCommand (462ms) [Parameters=[], CommandType='Text', CommandTimeout='30']
      SELECT [e].[Email]
      FROM [email] AS [e]
info: Microsoft.EntityFrameworkCore.Database.Command[20101]
      Executed DbCommand (1,559ms) [Parameters=[], CommandType='Text', CommandTimeout='30']
      SELECT [r].[Id], [r].[AddingDateTime], [r].[ImageUrl], [r].[LocationUrl], [r].[PlaceName], [r].[Rating], [r].[ReviewAuthor], [r].[ReviewDateTime], [r].[ReviewGoogleId], [r].[ReviewText], [r].[StartTracking], [r].[Status]
      FROM [review] AS [r]
      WHERE [r].[Status] = N'In Progress'
info: Microsoft.EntityFrameworkCore.Database.Command[20101]
      Executed DbCommand (269ms) [Parameters=[], CommandType='Text', CommandTimeout='30']
      SELECT TOP(1) [a].[Id], [a].[AccessFailedCount], [a].[ConcurrencyStamp], [a].[Email], [a].[EmailConfirmed], [a].[FullName], [a].[LockoutEnabled], [a].[LockoutEnd], [a].[NormalizedEmail], [a].[NormalizedUserName], [a].[PasswordHash], [a].[PhoneNumber], [a].[PhoneNumberConfirmed], [a].[SecurityStamp], [a].[TwoFactorEnabled], [a].[UserName]
      FROM [AspNetUsers] AS [a]
info: Microsoft.EntityFrameworkCore.Database.Command[20101]
      Executed DbCommand (346ms) [Parameters=[], CommandType='Text', CommandTimeout='30']
      SELECT [r].[Id], [r].[AddingDateTime], [r].[ImageUrl], [r].[LocationUrl], [r].[PlaceName], [r].[Rating], [r].[ReviewAuthor], [r].[ReviewDateTime], [r].[ReviewGoogleId], [r].[ReviewText], [r].[StartTracking], [r].[Status]
      FROM [review] AS [r]
      WHERE [r].[Status] = N'In Progress'
info: Microsoft.EntityFrameworkCore.Database.Command[20101]
      Executed DbCommand (311ms) [Parameters=[], CommandType='Text', CommandTimeout='30']
      SELECT TOP(1) [a].[Id], [a].[AccessFailedCount], [a].[ConcurrencyStamp], [a].[Email], [a].[EmailConfirmed], [a].[FullName], [a].[LockoutEnabled], [a].[LockoutEnd], [a].[NormalizedEmail], [a].[NormalizedUserName], [a].[PasswordHash], [a].[PhoneNumber], [a].[PhoneNumberConfirmed], [a].[SecurityStamp], [a].[TwoFactorEnabled], [a].[UserName]
      FROM [AspNetUsers] AS [a]
info: Microsoft.EntityFrameworkCore.Database.Command[20101]
      Executed DbCommand (617ms) [Parameters=[], CommandType='Text', CommandTimeout='30']
      SELECT [r].[Id], [r].[AddingDateTime], [r].[ImageUrl], [r].[LocationUrl], [r].[PlaceName], [r].[Rating], [r].[ReviewAuthor], [r].[ReviewDateTime], [r].[ReviewGoogleId], [r].[ReviewText], [r].[StartTracking], [r].[Status]
      FROM [review] AS [r]
      WHERE [r].[Status] IN (N'Canceled', N'Completed', N'Removed')
info: Microsoft.EntityFrameworkCore.Database.Command[20101]
      Executed DbCommand (836ms) [Parameters=[@__p_0='?' (DbType = Int32)], CommandType='Text', CommandTimeout='30']
      SELECT TOP(1) [p].[Id], [p].[Property], [p].[Value]
      FROM [properties] AS [p]
      WHERE [p].[Id] = @__p_0
info: Microsoft.EntityFrameworkCore.Database.Command[20101]
      Executed DbCommand (236ms) [Parameters=[], CommandType='Text', CommandTimeout='30']
      SELECT [r].[Id], [r].[AddingDateTime], [r].[ImageUrl], [r].[LocationUrl], [r].[PlaceName], [r].[Rating], [r].[ReviewAuthor], [r].[ReviewDateTime], [r].[ReviewGoogleId], [r].[ReviewText], [r].[StartTracking], [r].[Status]
      FROM [review] AS [r]
      WHERE [r].[Status] IN (N'Canceled', N'Completed', N'Removed')
info: Microsoft.EntityFrameworkCore.Database.Command[20101]
      Executed DbCommand (412ms) [Parameters=[], CommandType='Text', CommandTimeout='30']
      SELECT [r].[Id], [r].[AddingDateTime], [r].[ImageUrl], [r].[LocationUrl], [r].[PlaceName], [r].[Rating], [r].[ReviewAuthor], [r].[ReviewDateTime], [r].[ReviewGoogleId], [r].[ReviewText], [r].[StartTracking], [r].[Status]
      FROM [review] AS [r]
      WHERE [r].[Status] = N'In Progress'
info: Microsoft.EntityFrameworkCore.Database.Command[20101]
      Executed DbCommand (421ms) [Parameters=[], CommandType='Text', CommandTimeout='30']
      SELECT [e].[Email]
      FROM [email] AS [e]
info: Microsoft.EntityFrameworkCore.Database.Command[20101]
      Executed DbCommand (500ms) [Parameters=[], CommandType='Text', CommandTimeout='30']
      SELECT TOP(1) [a].[Id], [a].[AccessFailedCount], [a].[ConcurrencyStamp], [a].[Email], [a].[EmailConfirmed], [a].[FullName], [a].[LockoutEnabled], [a].[LockoutEnd], [a].[NormalizedEmail], [a].[NormalizedUserName], [a].[PasswordHash], [a].[PhoneNumber], [a].[PhoneNumberConfirmed], [a].[SecurityStamp], [a].[TwoFactorEnabled], [a].[UserName]
      FROM [AspNetUsers] AS [a]
info: Microsoft.EntityFrameworkCore.Database.Command[20101]
      Executed DbCommand (702ms) [Parameters=[@__p_0='?' (DbType = Int32)], CommandType='Text', CommandTimeout='30']
      SELECT TOP(1) [p].[Id], [p].[Property], [p].[Value]
      FROM [properties] AS [p]
      WHERE [p].[Id] = @__p_0
info: Microsoft.EntityFrameworkCore.Database.Command[20101]
      Executed DbCommand (339ms) [Parameters=[], CommandType='Text', CommandTimeout='30']
      SELECT [r].[Id], [r].[AddingDateTime], [r].[ImageUrl], [r].[LocationUrl], [r].[PlaceName], [r].[Rating], [r].[ReviewAuthor], [r].[ReviewDateTime], [r].[ReviewGoogleId], [r].[ReviewText], [r].[StartTracking], [r].[Status]
      FROM [review] AS [r]
      WHERE [r].[Status] = N'In Progress'
info: Microsoft.EntityFrameworkCore.Database.Command[20101]
      Executed DbCommand (721ms) [Parameters=[], CommandType='Text', CommandTimeout='30']
      SELECT [r].[Id], [r].[AddingDateTime], [r].[ImageUrl], [r].[LocationUrl], [r].[PlaceName], [r].[Rating], [r].[ReviewAuthor], [r].[ReviewDateTime], [r].[ReviewGoogleId], [r].[ReviewText], [r].[StartTracking], [r].[Status]
      FROM [review] AS [r]
      WHERE [r].[Status] IN (N'Canceled', N'Completed', N'Removed')
info: Microsoft.EntityFrameworkCore.Database.Command[20101]
      Executed DbCommand (679ms) [Parameters=[@__p_0='?' (DbType = Int32)], CommandType='Text', CommandTimeout='30']
      SELECT TOP(1) [p].[Id], [p].[Property], [p].[Value]
      FROM [properties] AS [p]
      WHERE [p].[Id] = @__p_0
info: Microsoft.EntityFrameworkCore.Database.Command[20101]
      Executed DbCommand (665ms) [Parameters=[], CommandType='Text', CommandTimeout='30']
      SELECT [e].[Email]
      FROM [email] AS [e]
info: Microsoft.EntityFrameworkCore.Database.Command[20101]
      Executed DbCommand (394ms) [Parameters=[], CommandType='Text', CommandTimeout='30']
      SELECT [r].[Id], [r].[AddingDateTime], [r].[ImageUrl], [r].[LocationUrl], [r].[PlaceName], [r].[Rating], [r].[ReviewAuthor], [r].[ReviewDateTime], [r].[ReviewGoogleId], [r].[ReviewText], [r].[StartTracking], [r].[Status]
      FROM [review] AS [r]
      WHERE [r].[Status] = N'In Progress'
info: Microsoft.EntityFrameworkCore.Database.Command[20101]
      Executed DbCommand (551ms) [Parameters=[], CommandType='Text', CommandTimeout='30']
      SELECT TOP(1) [a].[Id], [a].[AccessFailedCount], [a].[ConcurrencyStamp], [a].[Email], [a].[EmailConfirmed], [a].[FullName], [a].[LockoutEnabled], [a].[LockoutEnd], [a].[NormalizedEmail], [a].[NormalizedUserName], [a].[PasswordHash], [a].[PhoneNumber], [a].[PhoneNumberConfirmed], [a].[SecurityStamp], [a].[TwoFactorEnabled], [a].[UserName]
      FROM [AspNetUsers] AS [a]
info: Microsoft.EntityFrameworkCore.Database.Command[20101]
      Executed DbCommand (491ms) [Parameters=[], CommandType='Text', CommandTimeout='30']
      SELECT [e].[Email]
      FROM [email] AS [e]
info: Microsoft.EntityFrameworkCore.Database.Command[20101]
      Executed DbCommand (1,037ms) [Parameters=[], CommandType='Text', CommandTimeout='30']
      SELECT [r].[Id], [r].[AddingDateTime], [r].[ImageUrl], [r].[LocationUrl], [r].[PlaceName], [r].[Rating], [r].[ReviewAuthor], [r].[ReviewDateTime], [r].[ReviewGoogleId], [r].[ReviewText], [r].[StartTracking], [r].[Status]
      FROM [review] AS [r]
      WHERE [r].[Status] IN (N'Canceled', N'Completed', N'Removed')
info: Microsoft.EntityFrameworkCore.Database.Command[20101]
      Executed DbCommand (927ms) [Parameters=[], CommandType='Text', CommandTimeout='30']
      SELECT TOP(1) [a].[Id], [a].[AccessFailedCount], [a].[ConcurrencyStamp], [a].[Email], [a].[EmailConfirmed], [a].[FullName], [a].[LockoutEnabled], [a].[LockoutEnd], [a].[NormalizedEmail], [a].[NormalizedUserName], [a].[PasswordHash], [a].[PhoneNumber], [a].[PhoneNumberConfirmed], [a].[SecurityStamp], [a].[TwoFactorEnabled], [a].[UserName]
      FROM [AspNetUsers] AS [a]
info: Microsoft.EntityFrameworkCore.Database.Command[20101]
      Executed DbCommand (925ms) [Parameters=[@__p_0='?' (DbType = Int32)], CommandType='Text', CommandTimeout='30']
      SELECT TOP(1) [p].[Id], [p].[Property], [p].[Value]
      FROM [properties] AS [p]
      WHERE [p].[Id] = @__p_0
info: Microsoft.EntityFrameworkCore.Database.Command[20101]
      Executed DbCommand (277ms) [Parameters=[], CommandType='Text', CommandTimeout='30']
      SELECT [r].[Id], [r].[AddingDateTime], [r].[ImageUrl], [r].[LocationUrl], [r].[PlaceName], [r].[Rating], [r].[ReviewAuthor], [r].[ReviewDateTime], [r].[ReviewGoogleId], [r].[ReviewText], [r].[StartTracking], [r].[Status]
      FROM [review] AS [r]
      WHERE [r].[Status] = N'In Progress'
info: Microsoft.EntityFrameworkCore.Database.Command[20101]
      Executed DbCommand (269ms) [Parameters=[], CommandType='Text', CommandTimeout='30']
      SELECT TOP(1) [a].[Id], [a].[AccessFailedCount], [a].[ConcurrencyStamp], [a].[Email], [a].[EmailConfirmed], [a].[FullName], [a].[LockoutEnabled], [a].[LockoutEnd], [a].[NormalizedEmail], [a].[NormalizedUserName], [a].[PasswordHash], [a].[PhoneNumber], [a].[PhoneNumberConfirmed], [a].[SecurityStamp], [a].[TwoFactorEnabled], [a].[UserName]
      FROM [AspNetUsers] AS [a]
info: Microsoft.EntityFrameworkCore.Database.Command[20101]
      Executed DbCommand (272ms) [Parameters=[], CommandType='Text', CommandTimeout='30']
      SELECT [r].[Id], [r].[AddingDateTime], [r].[ImageUrl], [r].[LocationUrl], [r].[PlaceName], [r].[Rating], [r].[ReviewAuthor], [r].[ReviewDateTime], [r].[ReviewGoogleId], [r].[ReviewText], [r].[StartTracking], [r].[Status]
      FROM [review] AS [r]
      WHERE [r].[Status] IN (N'Canceled', N'Completed', N'Removed')
info: Microsoft.EntityFrameworkCore.Database.Command[20101]
      Executed DbCommand (431ms) [Parameters=[], CommandType='Text', CommandTimeout='30']
      SELECT [r].[Id], [r].[AddingDateTime], [r].[ImageUrl], [r].[LocationUrl], [r].[PlaceName], [r].[Rating], [r].[ReviewAuthor], [r].[ReviewDateTime], [r].[ReviewGoogleId], [r].[ReviewText], [r].[StartTracking], [r].[Status]
      FROM [review] AS [r]
      WHERE [r].[Status] IN (N'Canceled', N'Completed', N'Removed')
info: Microsoft.EntityFrameworkCore.Database.Command[20101]
      Executed DbCommand (433ms) [Parameters=[@__p_0='?' (DbType = Int32)], CommandType='Text', CommandTimeout='30']
      SELECT TOP(1) [p].[Id], [p].[Property], [p].[Value]
      FROM [properties] AS [p]
      WHERE [p].[Id] = @__p_0
info: Microsoft.EntityFrameworkCore.Database.Command[20101]
      Executed DbCommand (438ms) [Parameters=[@__p_0='?' (DbType = Int32)], CommandType='Text', CommandTimeout='30']
      SELECT TOP(1) [p].[Id], [p].[Property], [p].[Value]
      FROM [properties] AS [p]
      WHERE [p].[Id] = @__p_0
info: Microsoft.EntityFrameworkCore.Database.Command[20101]
      Executed DbCommand (265ms) [Parameters=[], CommandType='Text', CommandTimeout='30']
      SELECT [e].[Email]
      FROM [email] AS [e]
info: Microsoft.EntityFramewor