Hosting environment: Development
Content root path: C:\Users\Omar\source\repos\ReviewsDashboard\ReviewsDashboard
Now listening on: http://localhost:22333/
Application started. Press Ctrl+C to shut down.
warn: Microsoft.AspNetCore.HttpsPolicy.HttpsRedirectionMiddleware[3]
      Failed to determine the https port for redirect.
warn: Microsoft.EntityFrameworkCore.Query[10103]
      The query uses the 'First'/'FirstOrDefault' operator without 'OrderBy' and filter operators. This may lead to unpredictable results.
info: Microsoft.EntityFrameworkCore.Database.Command[20101]
      Executed DbCommand (273ms) [Parameters=[], CommandType='Text', CommandTimeout='30']
      SELECT [b].[Id], [b].[AddingDateTime], [b].[BusinessName], [b].[ImgUrl], [b].[LocationLink], [b].[NumberOfReviews], [b].[Rating], [b].[StartTracking], [b].[Status], [b].[Week1], [b].[Week2], [b].[Week3], [b].[Week4]
      FROM [business] AS [b]
      WHERE [b].[Status] = N'In Progress'
info: Microsoft.EntityFrameworkCore.Database.Command[20101]
      Executed DbCommand (254ms) [Parameters=[], CommandType='Text', CommandTimeout='30']
      SELECT [r].[Id], [r].[AddingDateTime], [r].[ImageUrl], [r].[LocationUrl], [r].[PlaceName], [r].[Rating], [r].[ReviewAuthor], [r].[ReviewDateTime], [r].[ReviewGoogleId], [r].[ReviewText], [r].[StartTracking], [r].[Status]
      FROM [review] AS [r]
      WHERE [r].[Status] = N'In Progress'
info: Microsoft.EntityFrameworkCore.Database.Command[20101]
      Executed DbCommand (259ms) [Parameters=[], CommandType='Text', CommandTimeout='30']
      SELECT [b].[Id], [b].[AddingDateTime], [b].[BusinessName], [b].[ImgUrl], [b].[LocationLink], [b].[NumberOfReviews], [b].[Rating], [b].[StartTracking], [b].[Status], [b].[Week1], [b].[Week2], [b].[Week3], [b].[Week4]
      FROM [business] AS [b]
      WHERE [b].[Status] = N'Paused'
info: Microsoft.EntityFrameworkCore.Database.Command[20101]
      Executed DbCommand (259ms) [Parameters=[], CommandType='Text', CommandTimeout='30']
      SELECT TOP(1) [a].[Id], [a].[AccessFailedCount], [a].[ConcurrencyStamp], [a].[Email], [a].[EmailConfirmed], [a].[FullName], [a].[LockoutEnabled], [a].[LockoutEnd], [a].[NormalizedEmail], [a].[NormalizedUserName], [a].[PasswordHash], [a].[PhoneNumber], [a].[PhoneNumberConfirmed], [a].[SecurityStamp], [a].[TwoFactorEnabled], [a].[UserName]
      FROM [AspNetUsers] AS [a]
info: Microsoft.EntityFrameworkCore.Database.Command[20101]
      Executed DbCommand (253ms) [Parameters=[], CommandType='Text', CommandTimeout='30']
      SELECT [r].[Id], [r].[AddingDateTime], [r].[ImageUrl], [r].[LocationUrl], [r].[PlaceName], [r].[Rating], [r].[ReviewAuthor], [r].[ReviewDateTime], [r].[ReviewGoogleId], [r].[ReviewText], [r].[StartTracking], [r].[Status]
      FROM [review] AS [r]
      WHERE [r].[Status] IN (N'Canceled', N'Completed', N'Removed')
info: Microsoft.EntityFrameworkCore.Database.Command[20101]
      Executed DbCommand (269ms) [Parameters=[@__p_0='?' (DbType = Int32)], CommandType='Text', CommandTimeout='30']
      SELECT TOP(1) [p].[Id], [p].[Property], [p].[Value]
      FROM [properties] AS [p]
      WHERE [p].[Id] = @__p_0
info: Microsoft.EntityFrameworkCore.Database.Command[20101]
      Executed DbCommand (253ms) [Parameters=[], CommandType='Text', CommandTimeout='30']
      SELECT [e].[Email]
      FROM [email] AS [e]
info: Microsoft.EntityFrameworkCore.Database.Command[20101]
      Executed DbCommand (337ms) [Parameters=[@__p_0='?' (DbType = Int32)], CommandType='Text', CommandTimeout='30']
      SELECT TOP(1) [b].[Id], [b].[AddingDateTime], [b].[BusinessName], [b].[ImgUrl], [b].[LocationLink], [b].[NumberOfReviews], [b].[Rating], [b].[StartTracking], [b].[Status], [b].[Week1], [b].[Week2], [b].[Week3], [b].[Week4]
      FROM [business] AS [b]
      WHERE [b].[Id] = @__p_0
info: Microsoft.EntityFrameworkCore.Database.Command[20101]
      Executed DbCommand (260ms) [Parameters=[@p0='?' (DbType = Int32)], CommandType='Text', CommandTimeout='30']
      SET IMPLICIT_TRANSACTIONS OFF;
      SET NOCOUNT ON;
      DELETE FROM [business]
      OUTPUT 1
      WHERE [Id