Hosting environment: Development
Content root path: C:\Users\Omar\source\repos\ReviewsDashboard\ReviewsDashboard
Now listening on: http://localhost:22333/
Application started. Press Ctrl+C to shut down.
warn: Microsoft.AspNetCore.HttpsPolicy.HttpsRedirectionMiddleware[3]
      Failed to determine the https port for redirect.
warn: Microsoft.EntityFrameworkCore.Query[10103]
      The query uses the 'First'/'FirstOrDefault' operator without 'OrderBy' and filter operators. This may lead to unpredictable results.
info: Microsoft.EntityFrameworkCore.Database.Command[20101]
      Executed DbCommand (251ms) [Parameters=[], CommandType='Text', CommandTimeout='30']
      SELECT TOP(1) [a].[Id], [a].[AccessFailedCount], [a].[ConcurrencyStamp], [a].[Email], [a].[EmailConfirmed], [a].[FullName], [a].[LockoutEnabled], [a].[LockoutEnd], [a].[NormalizedEmail], [a].[NormalizedUserName], [a].[PasswordHash], [a].[PhoneNumber], [a].[PhoneNumberConfirmed], [a].[SecurityStamp], [a].[TwoFactorEnabled], [a].[UserName]
      FROM [AspNetUsers] AS [a]
info: Microsoft.EntityFrameworkCore.Database.Command[20101]
      Executed DbCommand (273ms) [Parameters=[@__p_0='?' (DbType = Int32)], CommandType='Text', CommandTimeout='30']
      SELECT TOP(1) [p].[Id], [p].[Property], [p].[Value]
      FROM [properties] AS [p]
      WHERE [p].[Id] = @__p_0
info: Microsoft.EntityFrameworkCore.Database.Command[20101]
      Executed DbCommand (239ms) [Parameters=[], CommandType='Text', CommandTimeout='30']
      SELECT [r].[Id], [r].[AddingDateTime], [r].[ImageUrl], [r].[LocationUrl], [r].[PlaceName], [r].[Rating], [r].[ReviewAuthor], [r].[ReviewDateTime], [r].[ReviewGoogleId], [r].[ReviewText], [r].[StartTracking], [r].[Status]
      FROM [review] AS [r]
      WHERE [r].[Status] = N'In Progress'
info: Microsoft.EntityFrameworkCore.Database.Command[20101]
      Executed DbCommand (220ms) [Parameters=[@__p_0='?' (DbType = Int32)], CommandType='Text', CommandTimeout='30']
      SELECT TOP(1) [p].[Id], [p].[Property], [p].[Value]
      FROM [properties] AS [p]
      WHERE [p].[Id] = @__p_0
info: Microsoft.EntityFrameworkCore.Database.Command[20101]
      Executed DbCommand (222ms) [Parameters=[], CommandType='Text', CommandTimeout='30']
      SELECT [r].[Id], [r].[AddingDateTime], [r].[ImageUrl], [r].[LocationUrl], [r].[PlaceName], [r].[Rating], [r].[ReviewAuthor], [r].[ReviewDateTime], [r].[ReviewGoogleId], [r].[ReviewText], [r].[StartTracking], [r].[Status]
      FROM [review] AS [r]
      WHERE [r].[Status] IN (N'Canceled', N'Completed', N'Removed')
info: Microsoft.EntityFrameworkCore.Database.Command[20101]
      Executed DbCommand (217ms) [Parameters=[], CommandType='Text', CommandTimeout='30']
      SELECT [r].[Id], [r].[AddingDateTime], [r].[ImageUrl], [r].[LocationUrl], [r].[PlaceName], [r].[Rating], [r].[ReviewAuthor], [r].[ReviewDateTime], [r].[ReviewGoogleId], [r].[ReviewText], [r].[StartTracking], [r].[Status]
      FROM [review] AS [r]
      WHERE [r].[Status] IN (N'Canceled', N'Completed', N'Removed')
info: Microsoft.EntityFrameworkCore.Database.Command[20101]
      Executed DbCommand (216ms) [Parameters=[], CommandType='Text', CommandTimeout='30']
      SELECT [e].[Email]
      FROM [email] AS [e]
info: Microsoft.EntityFrameworkCore.Database.Command[20101]
      Executed DbCommand (218ms) [Parameters=[], CommandType='Text', CommandTimeout='30']
      SELECT [r].[Id], [r].[AddingDateTime], [r].[ImageUrl], [r].[LocationUrl], [r].[PlaceName], [r].[Rating], [r].[ReviewAuthor], [r].[ReviewDateTime], [r].[ReviewGoogleId], [r].[ReviewText], [r].[StartTracking], [r].[Status]
      FROM [review] AS [r]
      WHERE [r].[Status] = N'In Progress'
info: Microsoft.EntityFrameworkCore.Database.Command[20101]
      Executed DbCommand (233ms) [Parameters=[], CommandType='Text', CommandTimeout='30']
      SELECT TOP(1) [a].[Id], [a].[AccessFailedCount], [a].[ConcurrencyStamp], [a].[Email], [a].[EmailConfirmed], [a].[FullName], [a].[LockoutEnabled], [a].[LockoutEnd], [a].[NormalizedEmail], [a].[NormalizedUserName], [a].[PasswordHash], [a].[PhoneNumber], [a].[PhoneNumberConfirmed], [a].[SecurityStamp], [a].[TwoFactorEnabled], [a].[UserName]
      FROM [AspNetUsers] AS [a]
info: Microsoft.EntityFrameworkCore.Database.Command[20101]
      Executed DbCommand (212ms) [Parameters=[], CommandType='Text', CommandTimeout='30']
      SELECT [e].[Email]
      FROM [email] AS [e]
info: Microsoft.EntityFrameworkCore.Database.Command[20101]
      Executed DbCommand (250ms) [Parameters=[], CommandType='Text', CommandTimeout='30']
      SELECT [r].[Id], [r].[AddingDateTime], [r].[ImageUrl], [r].[LocationUrl], [r].[PlaceName], [r].[Rating], [r].[ReviewAuthor], [r].[ReviewDateTime], [r].[ReviewGoogleId], [r].[ReviewText], [r].[StartTracking], [r].[Status]
      FROM [review] AS [r]
      WHERE [r].[Status] IN (N'Canceled', N'Completed', N'Removed')
info: Microsoft.EntityFrameworkCore.Database.Command[20101]
      Executed DbCommand (250ms) [Parameters=[], CommandType='Text', CommandTimeout='30']
      SELECT [r].[Id], [r].[AddingDateTime], [r].[ImageUrl], [r].[LocationUrl], [r].[PlaceName], [r].[Rating], [r].[ReviewAuthor], [r].[ReviewDateTime], [r].[ReviewGoogleId], [r].[ReviewText], [r].[StartTracking], [r].[Status]
      FROM [review] AS [r]
      WHERE [r].[Status] = N'In Progress'
info: Microsoft.EntityFrameworkCore.Database.Command[20101]
      Executed DbCommand (252ms) [Parameters=[], CommandType='Text', CommandTimeout='30']
      SELECT TOP(1) [a].[Id], [a].[AccessFailedCount], [a].[ConcurrencyStamp], [a].[Email], [a].[EmailConfirmed], [a].[FullName], [a].[LockoutEnabled], [a].[LockoutEnd], [a].[NormalizedEmail], [a].[NormalizedUserName], [a].[PasswordHash], [a].[PhoneNumber], [a].[PhoneNumberConfirmed], [a].[SecurityStamp], [a].[TwoFactorEnabled], [a].[UserName]
      FROM [AspNetUsers] AS [a]
info: Microsoft.EntityFrameworkCore.Database.Command[20101]
      Executed DbCommand (230ms) [Parameters=[@__p_0='?' (DbType = Int32)], CommandType='Text', CommandTimeout='30']
      SELECT TOP(1) [p].[Id], [p].[Property], [p].[Value]
      FROM [properties] AS [p]
      WHERE [p].[Id] = @__p_0
info: Microsoft.EntityFrameworkCore.Database.Command[20101]
      Executed DbCommand (212ms) [Parameters=[], CommandType='Text', CommandTimeout='30']
      SELECT [e].[Email]
      FROM [email] AS [e]
info: Microsoft.EntityFrameworkCore.Database.Command[20101]
      Executed DbCommand (231ms) [Parameters=[], CommandType='Text', CommandTimeout='30']
      SELECT [r].[Id], [r].[AddingDateTime], [r].[ImageUrl], [r].[LocationUrl], [r].[PlaceName], [r].[Rating], [r].[ReviewAuthor], [r].[ReviewDateTime], [r].[ReviewGoogleId], [r].[ReviewText], [r].[StartTracking], [r].[Status]
      FROM [review] AS [r]
      WHERE [r].[Status] = N'In Progress'
info: Microsoft.EntityFrameworkCore.Database.Command[20101]
      Executed DbCommand (232ms) [Parameters=[], CommandType='Text', CommandTimeout='30']
      SELECT [r].[Id], [r].[AddingDateTime], [r].[ImageUrl], [r].[LocationUrl], [r].[PlaceName], [r].[Rating], [r].[ReviewAuthor], [r].[ReviewDateTime], [r].[ReviewGoogleId], [r].[ReviewText], [r].[StartTracking], [r].[Status]
      FROM [review] AS [r]
      WHERE [r].[Status] IN (N'Canceled', N'Completed', N'Removed')
info: Microsoft.EntityFrameworkCore.Database.Command[20101]
      Executed DbCommand (232ms) [Parameters=[], CommandType='Text', CommandTimeout='30']
      SELECT TOP(1) [a].[Id], [a].[AccessFailedCount], [a].[ConcurrencyStamp], [a].[Email], [a].[EmailConfirmed], [a].[FullName], [a].[LockoutEnabled], [a].[LockoutEnd], [a].[NormalizedEmail], [a].[NormalizedUserName], [a].[PasswordHash], [a].[PhoneNumber], [a].[PhoneNumberConfirmed], [a].[SecurityStamp], [a].[TwoFactorEnabled], [a].[UserName]
      FROM [AspNetUsers] AS [a]
info: Microsoft.EntityFrameworkCore.Database.Command[20101]
      Executed DbCommand (232ms) [Parameters=[@__p_0='?' (DbType = Int32)], CommandType='Text', CommandTimeout='30']
      SELECT TOP(1) [p].[Id], [p].[Property], [p].[Value]
      FROM [properties] AS [p]
      WHERE [p].[Id] = @__p_0
info: Microsoft.EntityFrameworkCore.Database.Command[20101]
      Executed DbCommand (213ms) [Parameters=[], CommandType='Text', CommandTimeout='30']
      SELECT [e].[Email]
      FROM [email] AS [e]
info: Microsoft.EntityFrameworkCore.Database.Command[20101]
      Executed DbCommand (228ms) [Parameters=[], CommandType='Text', CommandTimeout='30']
      SELECT [r].[Id], [r].[AddingDateTime], [r].[ImageUrl], [r].[LocationUrl], [r].[PlaceName], [r].[Rating], [r].[ReviewAuthor], [r].[ReviewDateTime], [r].[ReviewGoogleId], [r].[ReviewText], [r].[StartTracking], [r].[Status]
      FROM [review] AS [r]
      WHERE [r].[Status] = N'In Progress'
info: Microsoft.EntityFrameworkCore.Database.Command[20101]
      Executed DbCommand (229ms) [Parameters=[], CommandType='Text', CommandTimeout='30']
      SELECT [r].[Id], [r].[AddingDateTime], [r].[ImageUrl], [r].[LocationUrl], [r].[PlaceName], [r].[Rating], [r].[ReviewAuthor], [r].[ReviewDateTime], [r].[ReviewGoogleId], [r].[ReviewText], [r].[StartTracking], [r].[Status]
      FROM [review] AS [r]
      WHERE [r].[Status] IN (N'Canceled', N'Completed', N'Removed')
info: Microsoft.EntityFrameworkCore.Database.Command[20101]
      Executed DbCommand (223ms) [Parameters=[], CommandType='Text', CommandTimeout='30']
      SELECT TOP(1) [a].[Id], [a].[AccessFailedCount], [a].[ConcurrencyStamp], [a].[Email], [a].[EmailConfirmed], [a].[FullName], [a].[LockoutEnabled], [a].[LockoutEnd], [a].[NormalizedEmail], [a].[NormalizedUserName], [a].[PasswordHash], [a].[PhoneNumber], [a].[PhoneNumberConfirmed], [a].[SecurityStamp], [a].[TwoFactorEnabled], [a].[UserName]
      FROM [AspNetUsers] AS [a]
info: Microsoft.EntityFrameworkCore.Database.Command[20101]
      Executed DbCommand (219ms) [Parameters=[@__p_0='?' (DbType = Int32)], CommandType='Text', CommandTimeout='30']
      SELECT TOP(1) [p].[Id], [p].[Property], [p].[Value]
      FROM [properties] AS [p]
      WHERE [p].[Id] = @__p_0
info: Microsoft.EntityFrameworkCore.Database.Command[20101]
      Executed DbCommand (216ms) [Parameters=[], CommandType='Text', CommandTimeout='30']
      SELECT [e].[Email]
      FROM [email] AS [e]
info: Microsoft.EntityFrameworkCore.Database.Command[20101]
      Executed DbCommand (234ms) [Parameters=[], CommandType='Text', CommandTimeout='30']
      SELECT [r].[Id], [r].[AddingDateTime], [r].[ImageUrl], [r].[LocationUrl], [r].[PlaceName], [r].[Rating], [r].[ReviewAuthor], [r].[ReviewDateTime], [r].[ReviewGoogleId], [r].[ReviewText], [r].[StartTracking], [r].[Status]
      FROM [review] AS [r]
      WHERE [r].[Status] = N'In Progress'
info: Microsoft.EntityFrameworkCore.Database.Command[20101]
      Executed DbCommand (235ms) [Parameters=[], CommandType='Text', CommandTimeout='30']
      SELECT [r].[Id], [r].[AddingDateTime], [r].[ImageUrl], [r].[LocationUrl], [r].[PlaceName], [r].[Rating], [r].[ReviewAuthor], [r].[ReviewDateTime], [r].[ReviewGoogleId], [r].[ReviewText], [r].[StartTracking], [r].[Status]
      FROM [review] AS [r]
      WHERE [r].[Status] IN (N'Canceled', N'Completed', N'Removed')
info: Microsoft.EntityFrameworkCore.Database.Command[20101]
      Executed DbCommand (229ms) [Parameters=[@__p_0='?' (DbType = Int32)], CommandType='Text', CommandTimeout='30']
      SELECT TOP(1) [p].[Id], [p].[Property], [p].[Value]
      FROM [properties] AS [p]
      WHERE [p].[Id] = @__p_0
info: Microsoft.EntityFrameworkCore.Database.Command[20101]
      Executed DbCommand (236ms) [Parameters=[], CommandType='Text', CommandTimeout='30']
      SELECT TOP(1) [a].[Id], [a].[AccessFailedCount], [a].[ConcurrencyStamp], [a].[Email], [a].[EmailConfirmed], [a].[FullName], [a].[LockoutEnabled], [a].[LockoutEnd], [a].[NormalizedEmail], [a].[NormalizedUserName], [a].[PasswordHash], [a].[PhoneNumber], [a].[PhoneNumberConfirmed], [a].[SecurityStamp], [a].[TwoFactorEnabled], [a].[UserName]
      FROM [AspNetUsers] AS [a]
info: Microsoft.EntityFrameworkCore.Database.Command[20101]
      Executed DbCommand (255ms) [Parameters=[], CommandType='Text', CommandTimeout='30']
      SELECT [e].[Email]
      FROM [email] AS [e]
info: Microsoft.EntityFrameworkCore.Database.Command[20101]
      Executed DbCommand (280ms) [Parameters=[], CommandType='Text', CommandTimeout='30']
      SELECT TOP(1) [a].[Id], [a].[AccessFailedCount], [a].[ConcurrencyStamp], [a].[Email], [a].[EmailConfirmed], [a].[FullName], [a].[LockoutEnabled], [a].[LockoutEnd], [a].[NormalizedEmail], [a].[NormalizedUserName], [a].[PasswordHash], [a].[PhoneNumber], [a].[PhoneNumberConfirmed], [a].[SecurityStamp], [a].[TwoFactorEnabled], [a].[UserName]
      FROM [AspNetUsers] AS [a]
info: Microsoft.EntityFrameworkCore.Database.Command[20101]
      Executed DbCommand (285ms) [Parameters=[], CommandType='Text', CommandTimeout='30']
      SELECT [r].[Id], [r].[AddingDateTime], [r].[ImageUrl], [r].[LocationUrl], [r].[PlaceName], [r].[Rating], [r].[ReviewAuthor], [r].[ReviewDateTime], [r].[ReviewGoogleId], [r].[ReviewText], [r].[StartTracking], [r].[Status]
      FROM [review] AS [r]
      WHERE [r].[Status] = N'In Progress'
info: Microsoft.EntityFrameworkCore.Database.Command[20101]
      Executed DbCommand (285ms) [Parameters=[], CommandType='Text', CommandTimeout='30']
      SELECT [r].[Id], [r].[AddingDateTime], [r].[ImageUrl], [r].[LocationUrl], [r].[PlaceName], [r].[Rating], [r].[ReviewAuthor], [r].[ReviewDateTime], [r].[ReviewGoogleId], [r].[ReviewText], [r].[StartTracking], [r].[Status]
      FROM [review] AS [r]
      WHERE [r].[Status] IN (N'Canceled', N'Completed', N'Removed')
info: Microsoft.EntityFrameworkCore.Database.Command[20101]
      Executed DbCommand (297ms) [Parameters=[@__p_0='?' (DbType = Int32)], CommandType='Text', CommandTimeout='30']
      SELECT TOP(1) [p].[Id], [p].[Property], [p].[Value]
      FROM [properties] AS [p]
      WHERE [p].[Id] = @__p_0
info: Microsoft.EntityFrameworkCore.Database.Command[20101]
      Executed DbCommand (222ms) [Parameters=[], CommandType='Text', CommandTimeout='30']
      SELECT [e].[Email]
      FROM [email] AS [e]
info: Microsoft.EntityFrameworkCore.Database.Command[20101]
      Executed DbCommand (240ms) [Parameters=[], CommandType='Text', CommandTimeout='30']
      SELECT [r].[Id], [r].[AddingDateTime], [r].[ImageUrl], [r].[LocationUrl], [r].[PlaceName], [r].[Rating], [r].[ReviewAuthor], [r].[ReviewDateTime], [r].[ReviewGoogleId], [r].[ReviewText], [r].[StartTracking], [r].[Status]
      FROM [review] AS [r]
      WHERE [r].[Status] = N'In Progress'
info: Microsoft.EntityFrameworkCore.Database.Command[20101]
      Executed DbCommand (225ms) [Parameters=[], CommandType='Text', CommandTimeout='30']
      SELECT TOP(1) [a].[Id], [a].[AccessFailedCount], [a].[ConcurrencyStamp], [a].[Email], [a].[EmailConfirmed], [a].[FullName], [a].[LockoutEnabled], [a].[LockoutEnd], [a].[NormalizedEmail], [a].[NormalizedUserName], [a].[PasswordHash], [a].[PhoneNumber], [a].[PhoneNumberConfirmed], [a].[SecurityStamp], [a].[TwoFactorEnabled], [a].[UserName]
      FROM [AspNetUsers] AS [a]
info: Microsoft.EntityFrameworkCore.Database.Command[20101]
      Executed DbCommand (217ms) [Parameters=[@__p_0='?' (DbType = Int32)], CommandType='Text', CommandTimeout='30']
      SELECT TOP(1) [p].[Id], [p].[Property], [p].[Value]
      FROM [properties] AS [p]
      WHERE [p].[Id] = @__p_0
info: Microsoft.EntityFrameworkCore.Database.Command[20101]
      Executed DbCommand (214ms) [Parameters=[], CommandType='Text', CommandTimeout='30']
      SELECT [e].[Email]
      FROM [email] AS [e]
info: Microsoft.EntityFrameworkCore.Database.Command[20101]
      Executed DbCommand (226ms) [Parameters=[], CommandType='Text', CommandTimeout='30']
      SELECT [r].[Id], [r].[AddingDateTime], [r].[ImageUrl], [r].[LocationUrl], [r].[PlaceName], [r].[Rating], [r].[ReviewAuthor], [r].[ReviewDateTime], [r].[ReviewGoogleId], [r].[ReviewText], [r].[StartTracking], [r].[Status]
      FROM [review] AS [r]
      WHERE [r].[Status] IN (N'Canceled', N'Completed', N'Removed')
info: Microsoft.EntityFrameworkCore.Database.Command[20101]
      Executed DbCommand (237ms) [Parameters=[], CommandType='Text', CommandTimeout='30']
      SELECT [r].[Id], [r].[AddingDateTime], [r].[ImageUrl], [r].[LocationUrl], [r].[PlaceName], [r].[Rating], [r].[ReviewAuthor], [r].[ReviewDateTime], [r].[ReviewGoogleId], [r].[ReviewText], [r].[StartTracking], [r].[Status]
      FROM [review] AS [r]
      WHERE [r].[Status] = N'In Progress'
info: Microsoft.EntityFrameworkCore.Database.Command[20101]
      Executed DbCommand (213ms) [Parameters=[], CommandType='Text', CommandTimeout='30']
      SELECT [r].[Id], [r].[AddingDateTime], [r].[ImageUrl], [r].[LocationUrl], [r].[PlaceName], [r].[Rating], [r].[ReviewAuthor], [r].[ReviewDateTime], [r].[ReviewGoogleId], [r].[ReviewText], [r].[StartTracking], [r].[Status]
      FROM [review] AS [r]
      WHERE [r].[Status] IN (N'Canceled', N'Completed', N'Removed')
info: Microsoft.EntityFrameworkCore.Database.Command[20101]
      Executed DbCommand (242ms) [Parameters=[@__p_0='?' (DbType = Int32)], CommandType='Text', CommandTimeout='30']
      SELECT TOP(1) [p].[Id], [p].[Property], [p].[Value]
      FROM [properties] AS [p]
      WHERE [p].[Id] = @__p_0
info: Microsoft.EntityFrameworkCore.Database.Command[20101]
      Executed DbCommand (272ms) [Parameters=[], CommandType='Text', CommandTimeout='30']
      SELECT [e].[Email]
      FROM [email] AS [e]
info: Microsoft.EntityFrameworkCore.Database.Command[20101]
      Executed DbCommand (227ms) [Parameters=[], CommandType='Text', CommandTimeout='30']
      SELECT TOP(1) [a].[Id], [a].[AccessFailedCount], [a].[ConcurrencyStamp], [a].[Email], [a].[EmailConfirmed], [a].[FullName], [a].[LockoutEnabled], [a].[LockoutEnd], [a].[NormalizedEmail], [a].[NormalizedUserName], [a].[PasswordHash], [a].[PhoneNumber], [a].[PhoneNumberConfirmed], [a].[SecurityStamp], [a].[TwoFactorEnabled], [a].[UserName]
      FROM [AspNetUsers] AS [a]
info: Microsoft.EntityFrameworkCore.Database.Command[20101]
      Executed DbCommand (229ms) [Parameters=[], CommandType='Text', CommandTimeout='30']
      SELECT [r].[Id], [r].[AddingDateTime], [r].[ImageUrl], [r].[LocationUrl], [r].[PlaceName], [r].[Rating], [r].[ReviewAuthor], [r].[ReviewDateTime], [r].[ReviewGoogleId], [r].[ReviewText], [r].[StartTracking], [r].[Status]
      FROM [review] AS [r]
      WHERE [r].[Status] = N'In Progress'
info: Microsoft.EntityFrameworkCore.Database.Command[20101]
      Executed DbCommand (239ms) [Parameters=[], CommandType='Text', CommandTimeout='30']
      SELECT [r].[Id], [r].[AddingDateTime], [r].[ImageUrl], [r].[LocationUrl], [r].[PlaceName], [r].[Rating], [r].[ReviewAuthor], [r].[ReviewDateTime], [r].[ReviewGoogleId], [r].[ReviewText], [r].[StartTracking], [r].[Status]
      FROM [review] AS [r]
      WHERE [r].[Status] IN (N'Canceled', N'Completed', N'Removed')
info: Microsoft.EntityFrameworkCore.Database.Command[20101]
      Executed DbCommand (224ms) [Parameters=[], CommandType='Text', CommandTimeout='30']
      SELECT TOP(1) [a].[Id], [a].[AccessFailedCount], [a].[ConcurrencyStamp], [a].[Email], [a].[EmailConfirmed], [a].[FullName], [a].[LockoutEnabled], [a].[LockoutEnd], [a].[NormalizedEmail], [a].[NormalizedUserName], [a].[PasswordHash], [a].[PhoneNumber], [a].[PhoneNumberConfirmed], [a].[SecurityStamp], [a].[TwoFactorEnabled], [a].[UserName]
      FROM [AspNetUsers] AS [a]
info: Microsoft.EntityFrameworkCore.Database.Command[20101]
      Executed DbCommand (220ms) [Parameters=[@__p_0='?' (DbType = Int32)], CommandType='Text', CommandTimeout='30']
      SELECT TOP(1) [p].[Id], [p].[Property], [p].[Value]
      FROM [properties] AS [p]
      WHERE [p].[Id] = @__p_0
info: Microsoft.EntityFrameworkCore.Database.Command[20101]
      Executed DbCommand (219ms) [Parameters=[], CommandType='Text', CommandTimeout='30']
      SELECT [e].[Email]
      FROM [email] AS [e]
info: Microsoft.EntityFrameworkCore.Database.Command[20101]
      Executed DbCommand (257ms) [Parameters=[], CommandType='Text', CommandTimeout='30']
      SELECT [r].[Id], [r].[AddingDateTime], [r].[ImageUrl], [r].[LocationUrl], [r].[PlaceName], [r].[Rating], [r].[ReviewAuthor], [r].[ReviewDateTime], [r].[ReviewGoogleId], [r].[ReviewText], [r].[StartTracking], [r].[Status]
      FROM [review] AS [r]
      WHERE [r].[Status] = N'In Progress'
info: Microsoft.EntityFrameworkCore.Database.Command[20101]
      Executed DbCommand (257ms) [Parameters=[], CommandType='Text', CommandTimeout='30']
      SELECT TOP(1) [a].[Id], [a].[AccessFailedCount], [a].[ConcurrencyStamp], [a].[Email], [a].[EmailConfirmed], [a].[FullName], [a].[LockoutEnabled], [a].[LockoutEnd], [a].[NormalizedEmail], [a].[NormalizedUserName], [a].[PasswordHash], [a].[PhoneNumber], [a].[PhoneNumberConfirmed], [a].[SecurityStamp], [a].[TwoFactorEnabled], [a].[UserName]
      FROM [AspNetUsers] AS [a]
info: Microsoft.EntityFrameworkCore.Database.Command[20101]
      Executed DbCommand (257ms) [Parameters=[], CommandType='Text', CommandTimeout='30']
      SELECT [r].[Id], [r].[AddingDateTime], [r].[ImageUrl], [r].[LocationUrl], [r].[PlaceName], [r].[Rating], [r].[ReviewAuthor], [r].[ReviewDateTime], [r].[ReviewGoogleId], [r].[ReviewText], [r].[StartTracking], [r].[Status]
      FROM [review] AS [r]
      WHERE [r].[Status] IN (N'Canceled', N'Completed', N'Removed')
info: Microsoft.EntityFrameworkCore.Database.Command[20101]
      Executed DbCommand (255ms) [Parameters=[@__p_0='?' (DbType = Int32)], CommandType='Text', CommandTimeout='30']
      SELECT TOP(1) [p].[Id], [p].[Property], [p].[Value]
      FROM [properties] AS [p]
      WHERE [p].[Id] = @__p_0
info: Microsoft.EntityFrameworkCore.Database.Command[20101]
      Executed DbCommand (214ms) [Parameters=[], CommandType='Text', CommandTimeout='30']
      SELECT [e].[Email]
      FROM [email] AS [e]
info: Microsoft.EntityFrameworkCore.Database.Command[20101]
      Executed DbCommand (229ms) [Parameters=[@__p_0='?' (DbType = Int32)], CommandType='Text', CommandTimeout='30']
      SELECT TOP(1) [p].[Id], [p].[Property], [p].[Value]
      FROM [properties] AS [p]
      WHERE [p].[Id] = @__p_0
info: Microsoft.EntityFrameworkCore.Database.Command[20101]
      Executed DbCommand (263ms) [Parameters=[], CommandType='Text', CommandTimeout='30']
      SELECT [r].[Id], [r].[AddingDateTime], [r].[ImageUrl], [r].[LocationUrl], [r].[PlaceName], [r].[Rating], [r].[ReviewAuthor], [r].[ReviewDateTime], [r].[ReviewGoogleId], [r].[ReviewText], [r].[StartTracking], [r].[Status]
      FROM [review] AS [r]
      WHERE [r].[Status] = N'In Progress'
info: Microsoft.EntityFrameworkCore.Database.Command[20101]
      Executed DbCommand (227ms) [Parameters=[], CommandType='Text', CommandTimeout='30']
      SELECT TOP(1) [a].[Id], [a].[AccessFailedCount], [a].[ConcurrencyStamp], [a].[Email], [a].[EmailConfirmed], [a].[FullName], [a].[LockoutEnabled], [a].[LockoutEnd], [a].[NormalizedEmail], [a].[NormalizedUserName], [a].[PasswordHash], [a].[PhoneNumber], [a].[PhoneNumberConfirmed], [a].[SecurityStamp], [a].[TwoFactorEnabled], [a].[UserName]
      FROM [AspNetUsers] AS [a]
info: Microsoft.EntityFrameworkCore.Database.Command[20101]
      Executed DbCommand (262ms) [Parameters=[], CommandType='Text', CommandTimeout='30']
      SELECT [r].[Id], [r].[AddingDateTime], [r].[ImageUrl], [r].[LocationUrl], [r].[PlaceName], [r].[Rating], [r].[ReviewAuthor], [r].[ReviewDateTime], [r].[ReviewGoogleId], [r].[ReviewText], [r].[StartTracking], [r].[Status]
      FROM [review] AS [r]
      WHERE [r].[Status] IN (N'Canceled', N'Completed', N'Removed')
info: Microsoft.EntityFrameworkCore.Database.Command[20101]
      Executed DbCommand (219ms) [Parameters=[], CommandType='Text', CommandTimeout='30']
      SELECT [e].[Email]
      FROM [email] AS [e]
info: Microsoft.EntityFrameworkCore.Database.Command[20101]
      Executed DbCommand (228ms) [Parameters=[], CommandType='Text', CommandTimeout='30']
      SELECT [r].[Id], [r].[AddingDateTime], [r].[ImageUrl], [r].[LocationUrl], [r].[PlaceName], [r].[Rating], [r].[ReviewAuthor], [r].[ReviewDateTime], [r].[ReviewGoogleId], [r].[ReviewText], [r].[StartTracking], [r].[Status]
      FROM [review] AS [r]
      WHERE [r].[Status] IN (N'Canceled', N'Completed', N'Removed')
info: Microsoft.EntityFrameworkCore.Database.Command[20101]
      Executed DbCommand (229ms) [Parameters=[], CommandType='Text', CommandTimeout='30']
      SELECT [r].[Id], [r].[AddingDateTime], [r].[ImageUrl], [r].[LocationUrl], [r].[PlaceName], [r].[Rating], [r].[ReviewAuthor], [r].[ReviewDateTime], [r].[ReviewGoogleId], [r].[ReviewText], [r].[StartTracking], [r].[Status]
      FROM [review] AS [r]
      WHERE [r].[Status] = N'In Progress'
info: Microsoft.EntityFrameworkCore.Database.Command[20101]
      Executed DbCommand (231ms) [Parameters=[@__p_0='?' (DbType = Int32)], CommandType='Text', CommandTimeout='30']
      SELECT TOP(1) [p].[Id], [p].[Property], [p].[Value]
      FROM [properties] AS [p]
      WHERE [p].[Id] = @__p_0
info: Microsoft.EntityFrameworkCore.Database.Command[20101]
      Executed DbCommand (237ms) [Parameters=[], CommandType='Text', CommandTimeout='30']
      SELECT TOP(1) [a].[Id], [a].[AccessFailedCount], [a].[ConcurrencyStamp], [a].[Email], [a].[EmailConfirmed], [a].[FullName], [a].[LockoutEnabled], [a].[LockoutEnd], [a].[NormalizedEmail], [a].[NormalizedUserName], [a].[PasswordHash], [a].[PhoneNumber], [a].[PhoneNumberConfirmed], [a].[SecurityStamp], [a].[TwoFactorEnabled], [a].[UserName]
      FROM [AspNetUsers] AS [a]
info: Microsoft.EntityFrameworkCore.Database.Command[20101]
      Executed DbCommand (227ms) [Parameters=[], CommandType='Text', CommandTimeout='30']
      SELECT [e].[Email]
      FROM [email] AS [e]
info: Microsoft.EntityFrameworkCore.Database.Command[20101]
      Executed DbCommand (242ms) [Parameters=[], CommandType='Text', CommandTimeout='30']
      SELECT [b].[Id], [b].[AddingDateTime], [b].[BusinessName], [b].[ImgUrl], [b].[LocationLink], [b].[NumberOfReviews], [b].[Rating], [b].[StartTracking], [b].[Status], [b].[Week1], [b].[Week2], [b].[Week3], [b].[Week4]
      FROM [business] AS [b]
      WHERE [b].[Status] = N'In Progress'
info: Microsoft.EntityFrameworkCore.Database.Command[20101]
      Executed DbCommand (214ms) [Parameters=[], CommandType='Text', CommandTimeout='30']
      SELECT [r].[Id], [r].[AddingDateTime], [r].[ImageUrl], [r].[LocationUrl], [r].[PlaceName], [r].[Rating], [r].[ReviewAuthor], [r].[ReviewDateTime], [r].[ReviewGoogleId], [r].[ReviewText], [r].[StartTracking], [r].[Status]
      FROM [review] AS [r]
      WHERE [r].[Status] IN (N'Canceled', N'Completed', N'Removed')
info: Microsoft.EntityFrameworkCore.Database.Command[20101]
      Executed DbCommand (221ms) [Parameters=[], CommandType='Text', CommandTimeout='30']
      SELECT [r].[Id], [r].[AddingDateTime], [r].[ImageUrl], [r].[LocationUrl], [r].[PlaceName], [r].[Rating], [r].[ReviewAuthor], [r].[ReviewDateTime], [r].[ReviewGoogleId], [r].[ReviewText], [r].[StartTracking], [r].[Status]
      FROM [review] AS [r]
      WHERE [r].[Status] = N'In Progress'
info: Microsoft.EntityFrameworkCore.Database.Command[20101]
      Executed DbCommand (227ms) [Parameters=[], CommandType='Text', CommandTimeout='30']
      SELECT [b].[Id], [b].[AddingDateTime], [b].[BusinessName], [b].[ImgUrl], [b].[LocationLink], [b].[NumberOfReviews], [b].[Rating], [b].[StartTracking], [b].[Status], [b].[Week1], [b].[Week2], [b].[Week3], [b].[Week4]
      FROM [business] AS [b]
      WHERE [b].[Status] = N'In Progress'
info: Microsoft.EntityFrameworkCore.Database.Command[20101]
      Executed DbCommand (226ms) [Parameters=[], CommandType='Text', CommandTimeout='30']
      SELECT TOP(1) [a].[Id], [a].[AccessFailedCount], [a].[ConcurrencyStamp], [a].[Email], [a].[EmailConfirmed], [a].[FullName], [a].[LockoutEnabled], [a].[LockoutEnd], [a].[NormalizedEmail], [a].[NormalizedUserName], [a].[PasswordHash], [a].[PhoneNumber], [a].[PhoneNumberConfirmed], [a].[SecurityStamp], [a].[TwoFactorEnabled], [a].[UserName]
      FROM [AspNetUsers] AS [a]
info: Microsoft.EntityFrameworkCore.Database.Command[20101]
      Executed DbCommand (225ms) [Parameters=[@__p_0='?' (DbType = Int32)], CommandType='Text', CommandTimeout='30']
      SELECT TOP(1) [p].[Id], [p].[Property], [p].[Value]
      FROM [properties] AS [p]
      WHERE [p].[Id] = @__p_0
info: Microsoft.EntityFrameworkCore.Database.Command[20101]
      Executed DbCommand (218ms) [Parameters=[], CommandType='Text', CommandTimeout='30']
      SELECT [e].[Email]
      FROM [email] AS [e]
info: Microsoft.EntityFrameworkCore.Database.Command[20101]
      Executed DbCommand (235ms) [Parameters=[@__p_0='?' (DbType = Int32)], CommandType='Text', CommandTimeout='30']
      SELECT TOP(1) [p].[Id], [p].[Property], [p].[Value]
      FROM [properties] AS [p]
      WHERE [p].[Id] = @__p_0
info: Microsoft.EntityFrameworkCore.Database.Command[20101]
      Executed DbCommand (259ms) [Parameters=[], CommandType='Text', CommandTimeout='30']
      SELECT [r].[Id], [r].[AddingDateTime], [r].[ImageUrl], [r].[LocationUrl], [r].[PlaceName], [r].[Rating], [r].[ReviewAuthor], [r].[ReviewDateTime], [r].[ReviewGoogleId], [r].[ReviewText], [r].[StartTracking], [r].[Status]
      FROM [review] AS [r]
      WHERE [r].[Status] = N'In Progress'
info: Microsoft.EntityFrameworkCore.Database.Command[20101]
      Executed DbCommand (261ms) [Parameters=[], CommandType='Text', CommandTimeout='30']
      SELECT [b].[Id], [b].[AddingDateTime], [b].[BusinessName], [b].[ImgUrl], [b].[LocationLink], [b].[NumberOfReviews], [b].[Rating], [b].[StartTracking], [b].[Status], [b].[Week1], [b].[Week2], [b].[Week3], [b].[Week4]
      FROM [business] AS [b]
      WHERE [b].[Status] = N'In Progress'
info: Microsoft.EntityFrameworkCore.Database.Command[20101]
      Executed DbCommand (249ms) [Parameters=[], CommandType='Text', CommandTimeout='30']
      SELECT TOP(1) [a].[Id], [a].[AccessFailedCount], [a].[ConcurrencyStamp], [a].[Email], [a].[EmailConfirmed], [a].[FullName], [a].[LockoutEnabled], [a].[LockoutEnd], [a].[NormalizedEmail], [a].[NormalizedUserName], [a].[PasswordHash], [a].[PhoneNumber], [a].[PhoneNumberConfirmed], [a].[SecurityStamp], [a].[TwoFactorEnabled], [a].[UserName]
      FROM [AspNetUsers] AS [a]
info: Microsoft.EntityFrameworkCore.Database.Command[20101]
      Executed DbCommand (258ms) [Parameters=[], CommandType='Text', CommandTimeout='30']
      SELECT [r].[Id], [r].[AddingDateTime], [r].[ImageUrl], [r].[LocationUrl], [r].[PlaceName], [r].[Rating], [r].[ReviewAuthor], [r].[ReviewDateTime], [r].[ReviewGoogleId], [r].[ReviewText], [r].[StartTracking], [r].[Status]
      FROM [review] AS [r]
      WHERE [r].[Status] IN (N'Canceled', N'Completed', N'Removed')
info: Microsoft.EntityFrameworkCore.Database.Command[20101]
      Executed DbCommand (228ms) [Parameters=[], CommandType='Text', CommandTimeout='30']
      SELECT [e].[Email]
      FROM [email] AS [e]
info: Microsoft.EntityFrameworkCore.Database.Command[20101]
      Executed DbCommand (255ms) [Parameters=[], CommandType='Text', CommandTimeout='30']
      SELECT [b].[Id], [b].[AddingDateTime], [b].[BusinessName], [b].[ImgUrl], [b].[LocationLink], [b].[NumberOfReviews], [b].[Rating], [b].[StartTracking], [b].[Status], [b].[Week1], [b].[Week2], [b].[Week3], [b].[Week4]
      FROM [business] AS [b]
      WHERE [b].[Status] = N'In Progress'
info: Microsoft.EntityFrameworkCore.Database.Command[20101]
      Executed DbCommand (255ms) [Parameters=[], CommandType='Text', CommandTimeout='30']
      SELECT [r].[Id], [r].[AddingDateTime], [r].[ImageUrl], [r].[LocationUrl], [r].[PlaceName], [r].[Rating], [r].[ReviewAuthor], [r].[ReviewDateTime], [r].[ReviewGoogleId], [r].[ReviewText], [r].[StartTracking], [r].[Status]
      FROM [review] AS [r]
      WHERE [r].[Status] = N'In Progress'
info: Microsoft.EntityFrameworkCore.Database.Command[20101]
      Executed DbCommand (253ms) [Parameters=[], CommandType='Text', CommandTimeout='30']
      SELECT [r].[Id], [r].[AddingDateTime], [r].[ImageUrl], [r].[LocationUrl], [r].[PlaceName], [r].[Rating], [r].[ReviewAuthor], [r].[ReviewDateTime], [r].[ReviewGoogleId], [r].[ReviewText], [r].[StartTracking], [r].[Status]
      FROM [review] AS [r]
      WHERE [r].[Status] IN (N'Canceled', N'Completed', N'Removed')
info: Microsoft.EntityFrameworkCore.Database.Command[20101]
      Executed DbCommand (253ms) [Parameters=[@__p_0='?' (DbType = Int32)], CommandType='Text', CommandTimeout='30']
      SELECT TOP(1) [p].[Id], [p].[Property], [p].[Value]
      FROM [properties] AS [p]
      WHERE [p].[Id] = @__p_0
info: Microsoft.EntityFrameworkCore.Database.Command[20101]
      Executed DbCommand (259ms) [Parameters=[], CommandType='Text', CommandTimeout='30']
      SELECT TOP(1) [a].[Id], [a].[AccessFailedCount], [a].[ConcurrencyStamp], [a].[Email], [a].[EmailConfirmed], [a].[FullName], [a].[LockoutEnabled], [a].[LockoutEnd], [a].[NormalizedEmail], [a].[NormalizedUserName], [a].[PasswordHash], [a].[PhoneNumber], [a].[PhoneNumberConfirmed], [a].[SecurityStamp], [a].[TwoFactorEnabled], [a].[UserName]
      FROM [AspNetUsers] AS [a]
info: Microsoft.EntityFrameworkCore.Database.Command[20101]
      Executed DbCommand (215ms) [Parameters=[], CommandType='Text', CommandTimeout='30']
      SELECT [e].[Email]
      FROM [email] AS [e]
info: Microsoft.EntityFrameworkCore.Database.Command[20101]
      Executed DbCommand (225ms) [Parameters=[], CommandType='Text', CommandTimeout='30']
      SELECT [b].[Id], [b].[AddingDateTime], [b].[BusinessName], [b].[ImgUrl], [b].[LocationLink], [b].[NumberOfReviews], [b].[Rating], [b].[StartTracking], [b].[Status], [b].[Week1], [b].[Week2], [b].[Week3], [b].[Week4]
      FROM [business] AS [b]
      WHERE [b].[Status] = N'In Progress'
info: Microsoft.EntityFrameworkCore.Database.Command[20101]
      Executed DbCommand (226ms) [Parameters=[], CommandType='Text', CommandTimeout='30']
      SELECT [r].[Id], [r].[AddingDateTime], [r].[ImageUrl], [r].[LocationUrl], [r].[PlaceName], [r].[Rating], [r].[ReviewAuthor], [r].[ReviewDateTime], [r].[ReviewGoogleId], [r].[ReviewText], [r].[StartTracking], [r].[Status]
      FROM [review] AS [r]
      WHERE [r].[Status] = N'In Progress'
info: Microsoft.EntityFrameworkCore.Database.Command[20101]
      Executed DbCommand (226ms) [Parameters=[], CommandType='Text', CommandTimeout='30']
      SELECT [r].[Id], [r].[AddingDateTime], [r].[ImageUrl], [r].[LocationUrl], [r].[PlaceName], [r].[Rating], [r].[ReviewAuthor], [r].[ReviewDateTime], [r].[ReviewGoogleId], [r].[ReviewText], [r].[StartTracking], [r].[Status]
      FROM [review] AS [r]
      WHERE [r].[Status] IN (N'Canceled', N'Completed', N'Removed')
info: Microsoft.EntityFrameworkCore.Database.Command[20101]
      Executed DbCommand (230ms) [Parameters=[], CommandType='Text', CommandTimeout='30']
      SELECT TOP(1) [a].[Id], [a].[AccessFailedCount], [a].[ConcurrencyStamp], [a].[Email], [a].[EmailConfirmed], [a].[FullName], [a].[LockoutEnabled], [a].[LockoutEnd], [a].[NormalizedEmail], [a].[NormalizedUserName], [a].[PasswordHash], [a].[PhoneNumber], [a].[PhoneNumberConfirmed], [a].[SecurityStamp], [a].[TwoFactorEnabled], [a].[UserName]
      FROM [AspNetUsers] AS [a]
info: Microsoft.EntityFrameworkCore.Database.Command[20101]
      Executed DbCommand (230ms) [Parameters=[@__p_0='?' (DbType = Int32)], CommandType='Text', CommandTimeout='30']
      SELECT TOP(1) [p].[Id], [p].[Property], [p].[Value]
      FROM [properties] AS [p]
      WHERE [p].[Id] = @__p_0
info: Microsoft.EntityFrameworkCore.Database.Command[20101]
      Executed DbCommand (249ms) [Parameters=[], CommandType='Text', CommandTimeout='30']
      SELECT [e].[Email]
      FROM [email] AS [e]
info: Microsoft.EntityFrameworkCore.Database.Command[20101]
      Executed DbCommand (244ms) [Parameters=[], CommandType='Text', CommandTimeout='30']
      SELECT [r].[Id], [r].[AddingDateTime], [r].[ImageUrl], [r].[LocationUrl], [r].[PlaceName], [r].[Rating], [r].[ReviewAuthor], [r].[ReviewDateTime], [r].[ReviewGoogleId], [r].[ReviewText], [r].[StartTracking], [r].[Status]
      FROM [review] AS [r]
      WHERE [r].[Status] IN (N'Canceled', N'Completed', N'Removed')
info: Microsoft.EntityFrameworkCore.Database.Command[20101]
      Executed DbCommand (245ms) [Parameters=[], CommandType='Text', CommandTimeout='30']
      SELECT [r].[Id], [r].[AddingDateTime], [r].[ImageUrl], [r].[LocationUrl], [r].[PlaceName], [r].[Rating], [r].[ReviewAuthor], [r].[ReviewDateTime], [r].[ReviewGoogleId], [r].[ReviewText], [r].[StartTracking], [r].[Status]
      FROM [review] AS [r]
      WHERE [r].[Status] = N'In Progress'
info: Microsoft.EntityFrameworkCore.Database.Command[20101]
      Executed DbCommand (244ms) [Parameters=[@__p_0='?' (DbType = Int32)], CommandType='Text', CommandTimeout='30']
      SE